docs/nestjs-models/audit-log.entity.ts(9,8): error TS2307: Cannot find module 'typeorm' or its corresponding type declarations.
docs/nestjs-models/audit-log.entity.ts(18,5): error TS2564: Property 'id' has no initializer and is not definitely assigned in the constructor.
docs/nestjs-models/audit-log.entity.ts(21,5): error TS2564: Property 'tenantId' has no initializer and is not definitely assigned in the constructor.
docs/nestjs-models/audit-log.entity.ts(24,5): error TS2564: Property 'userId' has no initializer and is not definitely assigned in the constructor.
docs/nestjs-models/audit-log.entity.ts(27,5): error TS2564: Property 'action' has no initializer and is not definitely assigned in the constructor.
docs/nestjs-models/audit-log.entity.ts(30,5): error TS2564: Property 'entityType' has no initializer and is not definitely assigned in the constructor.
docs/nestjs-models/audit-log.entity.ts(33,5): error TS2564: Property 'entityId' has no initializer and is not definitely assigned in the constructor.
docs/nestjs-models/audit-log.entity.ts(36,5): error TS2564: Property 'changes' has no initializer and is not definitely assigned in the constructor.
docs/nestjs-models/audit-log.entity.ts(39,5): error TS2564: Property 'ipAddress' has no initializer and is not definitely assigned in the constructor.
docs/nestjs-models/audit-log.entity.ts(42,5): error TS2564: Property 'userAgent' has no initializer and is not definitely assigned in the constructor.
docs/nestjs-models/audit-log.entity.ts(45,5): error TS2564: Property 'createdAt' has no initializer and is not definitely assigned in the constructor.
docs/nestjs-models/audit-log.entity.ts(50,5): error TS2564: Property 'tenant' has no initializer and is not definitely assigned in the constructor.
docs/nestjs-models/audit-log.entity.ts(54,5): error TS2564: Property 'user' has no initializer and is not definitely assigned in the constructor.
docs/nestjs-models/cash-shift.entity.ts(9,8): error TS2307: Cannot find module 'typeorm' or its corresponding type declarations.
docs/nestjs-models/cash-shift.entity.ts(19,5): error TS2564: Property 'id' has no initializer and is not definitely assigned in the constructor.
docs/nestjs-models/cash-shift.entity.ts(22,5): error TS2564: Property 'tenantId' has no initializer and is not definitely assigned in the constructor.
docs/nestjs-models/cash-shift.entity.ts(25,5): error TS2564: Property 'locationId' has no initializer and is not definitely assigned in the constructor.
docs/nestjs-models/cash-shift.entity.ts(28,5): error TS2564: Property 'registerId' has no initializer and is not definitely assigned in the constructor.
docs/nestjs-models/cash-shift.entity.ts(31,5): error TS2564: Property 'cashierId' has no initializer and is not definitely assigned in the constructor.
docs/nestjs-models/cash-shift.entity.ts(34,5): error TS2564: Property 'startTime' has no initializer and is not definitely assigned in the constructor.
docs/nestjs-models/cash-shift.entity.ts(37,5): error TS2564: Property 'endTime' has no initializer and is not definitely assigned in the constructor.
docs/nestjs-models/cash-shift.entity.ts(40,5): error TS2564: Property 'startAmount' has no initializer and is not definitely assigned in the constructor.
docs/nestjs-models/cash-shift.entity.ts(43,5): error TS2564: Property 'endAmount' has no initializer and is not definitely assigned in the constructor.
docs/nestjs-models/cash-shift.entity.ts(46,5): error TS2564: Property 'expectedAmount' has no initializer and is not definitely assigned in the constructor.
docs/nestjs-models/cash-shift.entity.ts(53,5): error TS2564: Property 'status' has no initializer and is not definitely assigned in the constructor.
docs/nestjs-models/cash-shift.entity.ts(56,5): error TS2564: Property 'notes' has no initializer and is not definitely assigned in the constructor.
docs/nestjs-models/cash-shift.entity.ts(59,5): error TS2564: Property 'createdAt' has no initializer and is not definitely assigned in the constructor.
docs/nestjs-models/cash-shift.entity.ts(64,5): error TS2564: Property 'tenant' has no initializer and is not definitely assigned in the constructor.
docs/nestjs-models/cash-shift.entity.ts(68,5): error TS2564: Property 'location' has no initializer and is not definitely assigned in the constructor.
docs/nestjs-models/cash-shift.entity.ts(72,5): error TS2564: Property 'register' has no initializer and is not definitely assigned in the constructor.
docs/nestjs-models/cash-shift.entity.ts(76,5): error TS2564: Property 'cashier' has no initializer and is not definitely assigned in the constructor.
docs/nestjs-models/cash-shift.entity.ts(78,40): error TS7006: Parameter 'tx' implicitly has an 'any' type.
docs/nestjs-models/cash-shift.entity.ts(79,5): error TS2564: Property 'transactions' has no initializer and is not definitely assigned in the constructor.
docs/nestjs-models/cash-transaction.entity.ts(8,8): error TS2307: Cannot find module 'typeorm' or its corresponding type declarations.
docs/nestjs-models/cash-transaction.entity.ts(16,5): error TS2564: Property 'id' has no initializer and is not definitely assigned in the constructor.
docs/nestjs-models/cash-transaction.entity.ts(19,5): error TS2564: Property 'tenantId' has no initializer and is not definitely assigned in the constructor.
docs/nestjs-models/cash-transaction.entity.ts(22,5): error TS2564: Property 'shiftId' has no initializer and is not definitely assigned in the constructor.
docs/nestjs-models/cash-transaction.entity.ts(28,5): error TS2564: Property 'type' has no initializer and is not definitely assigned in the constructor.
docs/nestjs-models/cash-transaction.entity.ts(31,5): error TS2564: Property 'amount' has no initializer and is not definitely assigned in the constructor.
docs/nestjs-models/cash-transaction.entity.ts(34,5): error TS2564: Property 'reason' has no initializer and is not definitely assigned in the constructor.
docs/nestjs-models/cash-transaction.entity.ts(37,5): error TS2564: Property 'referenceId' has no initializer and is not definitely assigned in the constructor.
docs/nestjs-models/cash-transaction.entity.ts(40,5): error TS2564: Property 'performedBy' has no initializer and is not definitely assigned in the constructor.
docs/nestjs-models/cash-transaction.entity.ts(43,5): error TS2564: Property 'createdAt' has no initializer and is not definitely assigned in the constructor.
docs/nestjs-models/cash-transaction.entity.ts(48,5): error TS2564: Property 'tenant' has no initializer and is not definitely assigned in the constructor.
docs/nestjs-models/cash-transaction.entity.ts(50,34): error TS7006: Parameter 'shift' implicitly has an 'any' type.
docs/nestjs-models/cash-transaction.entity.ts(52,5): error TS2564: Property 'shift' has no initializer and is not definitely assigned in the constructor.
docs/nestjs-models/cash-transaction.entity.ts(56,5): error TS2564: Property 'performer' has no initializer and is not definitely assigned in the constructor.
docs/nestjs-models/category.entity.ts(10,8): error TS2307: Cannot find module 'typeorm' or its corresponding type declarations.
docs/nestjs-models/category.entity.ts(18,5): error TS2564: Property 'id' has no initializer and is not definitely assigned in the constructor.
docs/nestjs-models/category.entity.ts(21,5): error TS2564: Property 'tenantId' has no initializer and is not definitely assigned in the constructor.
docs/nestjs-models/category.entity.ts(24,5): error TS2564: Property 'name' has no initializer and is not definitely assigned in the constructor.
docs/nestjs-models/category.entity.ts(27,5): error TS2564: Property 'parentId' has no initializer and is not definitely assigned in the constructor.
docs/nestjs-models/category.entity.ts(30,5): error TS2564: Property 'icon' has no initializer and is not definitely assigned in the constructor.
docs/nestjs-models/category.entity.ts(33,5): error TS2564: Property 'sortOrder' has no initializer and is not definitely assigned in the constructor.
docs/nestjs-models/category.entity.ts(40,5): error TS2564: Property 'status' has no initializer and is not definitely assigned in the constructor.
docs/nestjs-models/category.entity.ts(43,5): error TS2564: Property 'createdAt' has no initializer and is not definitely assigned in the constructor.
docs/nestjs-models/category.entity.ts(46,5): error TS2564: Property 'updatedAt' has no initializer and is not definitely assigned in the constructor.
docs/nestjs-models/category.entity.ts(51,5): error TS2564: Property 'tenant' has no initializer and is not definitely assigned in the constructor.
docs/nestjs-models/category.entity.ts(55,5): error TS2564: Property 'parent' has no initializer and is not definitely assigned in the constructor.
docs/nestjs-models/customer.entity.ts(12,8): error TS2307: Cannot find module 'typeorm' or its corresponding type declarations.
docs/nestjs-models/customer.entity.ts(23,5): error TS2564: Property 'id' has no initializer and is not definitely assigned in the constructor.
docs/nestjs-models/customer.entity.ts(26,5): error TS2564: Property 'tenantId' has no initializer and is not definitely assigned in the constructor.
docs/nestjs-models/customer.entity.ts(29,5): error TS2564: Property 'name' has no initializer and is not definitely assigned in the constructor.
docs/nestjs-models/customer.entity.ts(32,5): error TS2564: Property 'phone' has no initializer and is not definitely assigned in the constructor.
docs/nestjs-models/customer.entity.ts(35,5): error TS2564: Property 'email' has no initializer and is not definitely assigned in the constructor.
docs/nestjs-models/customer.entity.ts(38,5): error TS2564: Property 'address' has no initializer and is not definitely assigned in the constructor.
docs/nestjs-models/customer.entity.ts(41,5): error TS2564: Property 'notes' has no initializer and is not definitely assigned in the constructor.
docs/nestjs-models/customer.entity.ts(44,5): error TS2564: Property 'totalSpent' has no initializer and is not definitely assigned in the constructor.
docs/nestjs-models/customer.entity.ts(47,5): error TS2564: Property 'loyaltyPoints' has no initializer and is not definitely assigned in the constructor.
docs/nestjs-models/customer.entity.ts(50,5): error TS2564: Property 'tierId' has no initializer and is not definitely assigned in the constructor.
docs/nestjs-models/customer.entity.ts(57,5): error TS2564: Property 'status' has no initializer and is not definitely assigned in the constructor.
docs/nestjs-models/customer.entity.ts(60,5): error TS2564: Property 'createdAt' has no initializer and is not definitely assigned in the constructor.
docs/nestjs-models/customer.entity.ts(63,5): error TS2564: Property 'updatedAt' has no initializer and is not definitely assigned in the constructor.
docs/nestjs-models/customer.entity.ts(66,5): error TS2564: Property 'deletedAt' has no initializer and is not definitely assigned in the constructor.
docs/nestjs-models/customer.entity.ts(71,5): error TS2564: Property 'tenant' has no initializer and is not definitely assigned in the constructor.
docs/nestjs-models/customer.entity.ts(75,5): error TS2564: Property 'tier' has no initializer and is not definitely assigned in the constructor.
docs/nestjs-models/customer.entity.ts(77,35): error TS7006: Parameter 'log' implicitly has an 'any' type.
docs/nestjs-models/customer.entity.ts(78,5): error TS2564: Property 'loyaltyLogs' has no initializer and is not definitely assigned in the constructor.
docs/nestjs-models/inventory-transaction.entity.ts(9,8): error TS2307: Cannot find module 'typeorm' or its corresponding type declarations.
docs/nestjs-models/inventory-transaction.entity.ts(32,5): error TS2564: Property 'id' has no initializer and is not definitely assigned in the constructor.
docs/nestjs-models/inventory-transaction.entity.ts(35,5): error TS2564: Property 'tenantId' has no initializer and is not definitely assigned in the constructor.
docs/nestjs-models/inventory-transaction.entity.ts(38,5): error TS2564: Property 'productId' has no initializer and is not definitely assigned in the constructor.
docs/nestjs-models/inventory-transaction.entity.ts(41,5): error TS2564: Property 'variantId' has no initializer and is not definitely assigned in the constructor.
docs/nestjs-models/inventory-transaction.entity.ts(44,5): error TS2564: Property 'locationId' has no initializer and is not definitely assigned in the constructor.
docs/nestjs-models/inventory-transaction.entity.ts(50,5): error TS2564: Property 'type' has no initializer and is not definitely assigned in the constructor.
docs/nestjs-models/inventory-transaction.entity.ts(53,5): error TS2564: Property 'quantity' has no initializer and is not definitely assigned in the constructor.
docs/nestjs-models/inventory-transaction.entity.ts(56,5): error TS2564: Property 'reason' has no initializer and is not definitely assigned in the constructor.
docs/nestjs-models/inventory-transaction.entity.ts(59,5): error TS2564: Property 'referenceType' has no initializer and is not definitely assigned in the constructor.
docs/nestjs-models/inventory-transaction.entity.ts(62,5): error TS2564: Property 'referenceId' has no initializer and is not definitely assigned in the constructor.
docs/nestjs-models/inventory-transaction.entity.ts(65,5): error TS2564: Property 'costAtTime' has no initializer and is not definitely assigned in the constructor.
docs/nestjs-models/inventory-transaction.entity.ts(68,5): error TS2564: Property 'performedBy' has no initializer and is not definitely assigned in the constructor.
docs/nestjs-models/inventory-transaction.entity.ts(71,5): error TS2564: Property 'createdAt' has no initializer and is not definitely assigned in the constructor.
docs/nestjs-models/inventory-transaction.entity.ts(76,5): error TS2564: Property 'tenant' has no initializer and is not definitely assigned in the constructor.
docs/nestjs-models/inventory-transaction.entity.ts(80,5): error TS2564: Property 'product' has no initializer and is not definitely assigned in the constructor.
docs/nestjs-models/inventory-transaction.entity.ts(84,5): error TS2564: Property 'variant' has no initializer and is not definitely assigned in the constructor.
docs/nestjs-models/inventory-transaction.entity.ts(88,5): error TS2564: Property 'location' has no initializer and is not definitely assigned in the constructor.
docs/nestjs-models/inventory-transaction.entity.ts(92,5): error TS2564: Property 'performer' has no initializer and is not definitely assigned in the constructor.
docs/nestjs-models/location.entity.ts(10,8): error TS2307: Cannot find module 'typeorm' or its corresponding type declarations.
docs/nestjs-models/location.entity.ts(18,5): error TS2564: Property 'id' has no initializer and is not definitely assigned in the constructor.
docs/nestjs-models/location.entity.ts(21,5): error TS2564: Property 'tenantId' has no initializer and is not definitely assigned in the constructor.
docs/nestjs-models/location.entity.ts(24,5): error TS2564: Property 'name' has no initializer and is not definitely assigned in the constructor.
docs/nestjs-models/location.entity.ts(27,5): error TS2564: Property 'address' has no initializer and is not definitely assigned in the constructor.
docs/nestjs-models/location.entity.ts(33,5): error TS2564: Property 'type' has no initializer and is not definitely assigned in the constructor.
docs/nestjs-models/location.entity.ts(36,5): error TS2564: Property 'phone' has no initializer and is not definitely assigned in the constructor.
docs/nestjs-models/location.entity.ts(39,5): error TS2564: Property 'priceBookId' has no initializer and is not definitely assigned in the constructor.
docs/nestjs-models/location.entity.ts(46,5): error TS2564: Property 'status' has no initializer and is not definitely assigned in the constructor.
docs/nestjs-models/location.entity.ts(49,5): error TS2564: Property 'createdAt' has no initializer and is not definitely assigned in the constructor.
docs/nestjs-models/location.entity.ts(52,5): error TS2564: Property 'updatedAt' has no initializer and is not definitely assigned in the constructor.
docs/nestjs-models/location.entity.ts(55,31): error TS7006: Parameter 'tenant' implicitly has an 'any' type.
docs/nestjs-models/location.entity.ts(57,5): error TS2564: Property 'tenant' has no initializer and is not definitely assigned in the constructor.
docs/nestjs-models/location.entity.ts(61,5): error TS2564: Property 'priceBook' has no initializer and is not definitely assigned in the constructor.
docs/nestjs-models/location.entity.ts(63,33): error TS7006: Parameter 'register' implicitly has an 'any' type.
docs/nestjs-models/location.entity.ts(64,5): error TS2564: Property 'registers' has no initializer and is not definitely assigned in the constructor.
docs/nestjs-models/loyalty-log.entity.ts(9,8): error TS2307: Cannot find module 'typeorm' or its corresponding type declarations.
docs/nestjs-models/loyalty-log.entity.ts(19,5): error TS2564: Property 'id' has no initializer and is not definitely assigned in the constructor.
docs/nestjs-models/loyalty-log.entity.ts(22,5): error TS2564: Property 'tenantId' has no initializer and is not definitely assigned in the constructor.
docs/nestjs-models/loyalty-log.entity.ts(25,5): error TS2564: Property 'customerId' has no initializer and is not definitely assigned in the constructor.
docs/nestjs-models/loyalty-log.entity.ts(28,5): error TS2564: Property 'saleId' has no initializer and is not definitely assigned in the constructor.
docs/nestjs-models/loyalty-log.entity.ts(34,5): error TS2564: Property 'type' has no initializer and is not definitely assigned in the constructor.
docs/nestjs-models/loyalty-log.entity.ts(37,5): error TS2564: Property 'points' has no initializer and is not definitely assigned in the constructor.
docs/nestjs-models/loyalty-log.entity.ts(40,5): error TS2564: Property 'balanceAfter' has no initializer and is not definitely assigned in the constructor.
docs/nestjs-models/loyalty-log.entity.ts(43,5): error TS2564: Property 'reason' has no initializer and is not definitely assigned in the constructor.
docs/nestjs-models/loyalty-log.entity.ts(46,5): error TS2564: Property 'performedBy' has no initializer and is not definitely assigned in the constructor.
docs/nestjs-models/loyalty-log.entity.ts(49,5): error TS2564: Property 'createdAt' has no initializer and is not definitely assigned in the constructor.
docs/nestjs-models/loyalty-log.entity.ts(54,5): error TS2564: Property 'tenant' has no initializer and is not definitely assigned in the constructor.
docs/nestjs-models/loyalty-log.entity.ts(56,33): error TS7006: Parameter 'customer' implicitly has an 'any' type.
docs/nestjs-models/loyalty-log.entity.ts(58,5): error TS2564: Property 'customer' has no initializer and is not definitely assigned in the constructor.
docs/nestjs-models/loyalty-log.entity.ts(62,5): error TS2564: Property 'sale' has no initializer and is not definitely assigned in the constructor.
docs/nestjs-models/loyalty-log.entity.ts(66,5): error TS2564: Property 'performer' has no initializer and is not definitely assigned in the constructor.
docs/nestjs-models/loyalty-tier.entity.ts(8,8): error TS2307: Cannot find module 'typeorm' or its corresponding type declarations.
docs/nestjs-models/loyalty-tier.entity.ts(14,5): error TS2564: Property 'id' has no initializer and is not definitely assigned in the constructor.
docs/nestjs-models/loyalty-tier.entity.ts(17,5): error TS2564: Property 'tenantId' has no initializer and is not definitely assigned in the constructor.
docs/nestjs-models/loyalty-tier.entity.ts(20,5): error TS2564: Property 'name' has no initializer and is not definitely assigned in the constructor.
docs/nestjs-models/loyalty-tier.entity.ts(23,5): error TS2564: Property 'minSpend' has no initializer and is not definitely assigned in the constructor.
docs/nestjs-models/loyalty-tier.entity.ts(26,5): error TS2564: Property 'earnRate' has no initializer and is not definitely assigned in the constructor.
docs/nestjs-models/loyalty-tier.entity.ts(29,5): error TS2564: Property 'color' has no initializer and is not definitely assigned in the constructor.
docs/nestjs-models/loyalty-tier.entity.ts(32,5): error TS2564: Property 'sortOrder' has no initializer and is not definitely assigned in the constructor.
docs/nestjs-models/loyalty-tier.entity.ts(35,5): error TS2564: Property 'createdAt' has no initializer and is not definitely assigned in the constructor.
docs/nestjs-models/loyalty-tier.entity.ts(40,5): error TS2564: Property 'tenant' has no initializer and is not definitely assigned in the constructor.
docs/nestjs-models/offer.entity.ts(9,8): error TS2307: Cannot find module 'typeorm' or its corresponding type declarations.
docs/nestjs-models/offer.entity.ts(17,5): error TS2564: Property 'id' has no initializer and is not definitely assigned in the constructor.
docs/nestjs-models/offer.entity.ts(20,5): error TS2564: Property 'tenantId' has no initializer and is not definitely assigned in the constructor.
docs/nestjs-models/offer.entity.ts(23,5): error TS2564: Property 'name' has no initializer and is not definitely assigned in the constructor.
docs/nestjs-models/offer.entity.ts(26,5): error TS2564: Property 'description' has no initializer and is not definitely assigned in the constructor.
docs/nestjs-models/offer.entity.ts(32,5): error TS2564: Property 'type' has no initializer and is not definitely assigned in the constructor.
docs/nestjs-models/offer.entity.ts(35,5): error TS2564: Property 'value' has no initializer and is not definitely assigned in the constructor.
docs/nestjs-models/offer.entity.ts(38,5): error TS2564: Property 'minPurchase' has no initializer and is not definitely assigned in the constructor.
docs/nestjs-models/offer.entity.ts(41,5): error TS2564: Property 'maxDiscount' has no initializer and is not definitely assigned in the constructor.
docs/nestjs-models/offer.entity.ts(48,5): error TS2564: Property 'applicableOn' has no initializer and is not definitely assigned in the constructor.
docs/nestjs-models/offer.entity.ts(51,5): error TS2564: Property 'categoryId' has no initializer and is not definitely assigned in the constructor.
docs/nestjs-models/offer.entity.ts(54,5): error TS2564: Property 'productIds' has no initializer and is not definitely assigned in the constructor.
docs/nestjs-models/offer.entity.ts(57,5): error TS2564: Property 'startDate' has no initializer and is not definitely assigned in the constructor.
docs/nestjs-models/offer.entity.ts(60,5): error TS2564: Property 'endDate' has no initializer and is not definitely assigned in the constructor.
docs/nestjs-models/offer.entity.ts(67,5): error TS2564: Property 'status' has no initializer and is not definitely assigned in the constructor.
docs/nestjs-models/offer.entity.ts(70,5): error TS2564: Property 'autoApply' has no initializer and is not definitely assigned in the constructor.
docs/nestjs-models/offer.entity.ts(73,5): error TS2564: Property 'createdBy' has no initializer and is not definitely assigned in the constructor.
docs/nestjs-models/offer.entity.ts(76,5): error TS2564: Property 'createdAt' has no initializer and is not definitely assigned in the constructor.
docs/nestjs-models/offer.entity.ts(79,5): error TS2564: Property 'updatedAt' has no initializer and is not definitely assigned in the constructor.
docs/nestjs-models/offer.entity.ts(84,5): error TS2564: Property 'tenant' has no initializer and is not definitely assigned in the constructor.
docs/nestjs-models/offer.entity.ts(88,5): error TS2564: Property 'category' has no initializer and is not definitely assigned in the constructor.
docs/nestjs-models/offer.entity.ts(92,5): error TS2564: Property 'creator' has no initializer and is not definitely assigned in the constructor.
docs/nestjs-models/permission.entity.ts(6,8): error TS2307: Cannot find module 'typeorm' or its corresponding type declarations.
docs/nestjs-models/permission.entity.ts(12,5): error TS2564: Property 'id' has no initializer and is not definitely assigned in the constructor.
docs/nestjs-models/permission.entity.ts(15,5): error TS2564: Property 'code' has no initializer and is not definitely assigned in the constructor.
docs/nestjs-models/permission.entity.ts(18,5): error TS2564: Property 'name' has no initializer and is not definitely assigned in the constructor.
docs/nestjs-models/permission.entity.ts(21,5): error TS2564: Property 'module' has no initializer and is not definitely assigned in the constructor.
docs/nestjs-models/permission.entity.ts(23,30): error TS7006: Parameter 'role' implicitly has an 'any' type.
docs/nestjs-models/permission.entity.ts(24,5): error TS2564: Property 'roles' has no initializer and is not definitely assigned in the constructor.
docs/nestjs-models/price-book.entity.ts(9,8): error TS2307: Cannot find module 'typeorm' or its corresponding type declarations.
docs/nestjs-models/price-book.entity.ts(15,5): error TS2564: Property 'id' has no initializer and is not definitely assigned in the constructor.
docs/nestjs-models/price-book.entity.ts(18,5): error TS2564: Property 'tenantId' has no initializer and is not definitely assigned in the constructor.
docs/nestjs-models/price-book.entity.ts(21,5): error TS2564: Property 'name' has no initializer and is not definitely assigned in the constructor.
docs/nestjs-models/price-book.entity.ts(24,5): error TS2564: Property 'description' has no initializer and is not definitely assigned in the constructor.
docs/nestjs-models/price-book.entity.ts(27,5): error TS2564: Property 'isDefault' has no initializer and is not definitely assigned in the constructor.
docs/nestjs-models/price-book.entity.ts(30,5): error TS2564: Property 'createdAt' has no initializer and is not definitely assigned in the constructor.
docs/nestjs-models/price-book.entity.ts(33,5): error TS2564: Property 'updatedAt' has no initializer and is not definitely assigned in the constructor.
docs/nestjs-models/price-book.entity.ts(38,5): error TS2564: Property 'tenant' has no initializer and is not definitely assigned in the constructor.
docs/nestjs-models/price-override.entity.ts(9,8): error TS2307: Cannot find module 'typeorm' or its corresponding type declarations.
docs/nestjs-models/price-override.entity.ts(19,5): error TS2564: Property 'id' has no initializer and is not definitely assigned in the constructor.
docs/nestjs-models/price-override.entity.ts(22,5): error TS2564: Property 'tenantId' has no initializer and is not definitely assigned in the constructor.
docs/nestjs-models/price-override.entity.ts(25,5): error TS2564: Property 'priceBookId' has no initializer and is not definitely assigned in the constructor.
docs/nestjs-models/price-override.entity.ts(28,5): error TS2564: Property 'productId' has no initializer and is not definitely assigned in the constructor.
docs/nestjs-models/price-override.entity.ts(31,5): error TS2564: Property 'variantId' has no initializer and is not definitely assigned in the constructor.
docs/nestjs-models/price-override.entity.ts(34,5): error TS2564: Property 'price' has no initializer and is not definitely assigned in the constructor.
docs/nestjs-models/price-override.entity.ts(37,5): error TS2564: Property 'updatedAt' has no initializer and is not definitely assigned in the constructor.
docs/nestjs-models/price-override.entity.ts(42,5): error TS2564: Property 'tenant' has no initializer and is not definitely assigned in the constructor.
docs/nestjs-models/price-override.entity.ts(46,5): error TS2564: Property 'priceBook' has no initializer and is not definitely assigned in the constructor.
docs/nestjs-models/price-override.entity.ts(50,5): error TS2564: Property 'product' has no initializer and is not definitely assigned in the constructor.
docs/nestjs-models/price-override.entity.ts(54,5): error TS2564: Property 'variant' has no initializer and is not definitely assigned in the constructor.
docs/nestjs-models/product-barcode.entity.ts(9,8): error TS2307: Cannot find module 'typeorm' or its corresponding type declarations.
docs/nestjs-models/product-barcode.entity.ts(18,5): error TS2564: Property 'id' has no initializer and is not definitely assigned in the constructor.
docs/nestjs-models/product-barcode.entity.ts(21,5): error TS2564: Property 'tenantId' has no initializer and is not definitely assigned in the constructor.
docs/nestjs-models/product-barcode.entity.ts(24,5): error TS2564: Property 'productId' has no initializer and is not definitely assigned in the constructor.
docs/nestjs-models/product-barcode.entity.ts(27,5): error TS2564: Property 'variantId' has no initializer and is not definitely assigned in the constructor.
docs/nestjs-models/product-barcode.entity.ts(30,5): error TS2564: Property 'barcode' has no initializer and is not definitely assigned in the constructor.
docs/nestjs-models/product-barcode.entity.ts(37,5): error TS2564: Property 'type' has no initializer and is not definitely assigned in the constructor.
docs/nestjs-models/product-barcode.entity.ts(40,5): error TS2564: Property 'isPrimary' has no initializer and is not definitely assigned in the constructor.
docs/nestjs-models/product-barcode.entity.ts(43,5): error TS2564: Property 'createdAt' has no initializer and is not definitely assigned in the constructor.
docs/nestjs-models/product-barcode.entity.ts(48,5): error TS2564: Property 'tenant' has no initializer and is not definitely assigned in the constructor.
docs/nestjs-models/product-barcode.entity.ts(50,32): error TS7006: Parameter 'product' implicitly has an 'any' type.
docs/nestjs-models/product-barcode.entity.ts(52,5): error TS2564: Property 'product' has no initializer and is not definitely assigned in the constructor.
docs/nestjs-models/product-barcode.entity.ts(54,39): error TS7006: Parameter 'variant' implicitly has an 'any' type.
docs/nestjs-models/product-barcode.entity.ts(56,5): error TS2564: Property 'variant' has no initializer and is not definitely assigned in the constructor.
docs/nestjs-models/product-variant.entity.ts(11,8): error TS2307: Cannot find module 'typeorm' or its corresponding type declarations.
docs/nestjs-models/product-variant.entity.ts(21,5): error TS2564: Property 'id' has no initializer and is not definitely assigned in the constructor.
docs/nestjs-models/product-variant.entity.ts(24,5): error TS2564: Property 'tenantId' has no initializer and is not definitely assigned in the constructor.
docs/nestjs-models/product-variant.entity.ts(27,5): error TS2564: Property 'productId' has no initializer and is not definitely assigned in the constructor.
docs/nestjs-models/product-variant.entity.ts(30,5): error TS2564: Property 'sku' has no initializer and is not definitely assigned in the constructor.
docs/nestjs-models/product-variant.entity.ts(33,5): error TS2564: Property 'name' has no initializer and is not definitely assigned in the constructor.
docs/nestjs-models/product-variant.entity.ts(36,5): error TS2564: Property 'price' has no initializer and is not definitely assigned in the constructor.
docs/nestjs-models/product-variant.entity.ts(39,5): error TS2564: Property 'costPrice' has no initializer and is not definitely assigned in the constructor.
docs/nestjs-models/product-variant.entity.ts(42,5): error TS2564: Property 'attributes' has no initializer and is not definitely assigned in the constructor.
docs/nestjs-models/product-variant.entity.ts(45,5): error TS2564: Property 'imageUrl' has no initializer and is not definitely assigned in the constructor.
docs/nestjs-models/product-variant.entity.ts(52,5): error TS2564: Property 'status' has no initializer and is not definitely assigned in the constructor.
docs/nestjs-models/product-variant.entity.ts(55,5): error TS2564: Property 'createdAt' has no initializer and is not definitely assigned in the constructor.
docs/nestjs-models/product-variant.entity.ts(58,5): error TS2564: Property 'updatedAt' has no initializer and is not definitely assigned in the constructor.
docs/nestjs-models/product-variant.entity.ts(63,5): error TS2564: Property 'tenant' has no initializer and is not definitely assigned in the constructor.
docs/nestjs-models/product-variant.entity.ts(65,32): error TS7006: Parameter 'product' implicitly has an 'any' type.
docs/nestjs-models/product-variant.entity.ts(67,5): error TS2564: Property 'product' has no initializer and is not definitely assigned in the constructor.
docs/nestjs-models/product-variant.entity.ts(69,39): error TS7006: Parameter 'barcode' implicitly has an 'any' type.
docs/nestjs-models/product-variant.entity.ts(70,5): error TS2564: Property 'barcodes' has no initializer and is not definitely assigned in the constructor.
docs/nestjs-models/product.entity.ts(12,8): error TS2307: Cannot find module 'typeorm' or its corresponding type declarations.
docs/nestjs-models/product.entity.ts(26,5): error TS2564: Property 'id' has no initializer and is not definitely assigned in the constructor.
docs/nestjs-models/product.entity.ts(29,5): error TS2564: Property 'tenantId' has no initializer and is not definitely assigned in the constructor.
docs/nestjs-models/product.entity.ts(32,5): error TS2564: Property 'name' has no initializer and is not definitely assigned in the constructor.
docs/nestjs-models/product.entity.ts(35,5): error TS2564: Property 'description' has no initializer and is not definitely assigned in the constructor.
docs/nestjs-models/product.entity.ts(38,5): error TS2564: Property 'sku' has no initializer and is not definitely assigned in the constructor.
docs/nestjs-models/product.entity.ts(45,5): error TS2564: Property 'type' has no initializer and is not definitely assigned in the constructor.
docs/nestjs-models/product.entity.ts(48,5): error TS2564: Property 'categoryId' has no initializer and is not definitely assigned in the constructor.
docs/nestjs-models/product.entity.ts(51,5): error TS2564: Property 'taxProfileId' has no initializer and is not definitely assigned in the constructor.
docs/nestjs-models/product.entity.ts(54,5): error TS2564: Property 'costPrice' has no initializer and is not definitely assigned in the constructor.
docs/nestjs-models/product.entity.ts(57,5): error TS2564: Property 'sellingPrice' has no initializer and is not definitely assigned in the constructor.
docs/nestjs-models/product.entity.ts(60,5): error TS2564: Property 'uom' has no initializer and is not definitely assigned in the constructor.
docs/nestjs-models/product.entity.ts(63,5): error TS2564: Property 'allowDecimals' has no initializer and is not definitely assigned in the constructor.
docs/nestjs-models/product.entity.ts(66,5): error TS2564: Property 'minStockLevel' has no initializer and is not definitely assigned in the constructor.
docs/nestjs-models/product.entity.ts(69,5): error TS2564: Property 'imageUrl' has no initializer and is not definitely assigned in the constructor.
docs/nestjs-models/product.entity.ts(76,5): error TS2564: Property 'status' has no initializer and is not definitely assigned in the constructor.
docs/nestjs-models/product.entity.ts(79,5): error TS2564: Property 'createdBy' has no initializer and is not definitely assigned in the constructor.
docs/nestjs-models/product.entity.ts(82,5): error TS2564: Property 'createdAt' has no initializer and is not definitely assigned in the constructor.
docs/nestjs-models/product.entity.ts(85,5): error TS2564: Property 'updatedAt' has no initializer and is not definitely assigned in the constructor.
docs/nestjs-models/product.entity.ts(88,5): error TS2564: Property 'deletedAt' has no initializer and is not definitely assigned in the constructor.
docs/nestjs-models/product.entity.ts(93,5): error TS2564: Property 'tenant' has no initializer and is not definitely assigned in the constructor.
docs/nestjs-models/product.entity.ts(97,5): error TS2564: Property 'category' has no initializer and is not definitely assigned in the constructor.
docs/nestjs-models/product.entity.ts(101,5): error TS2564: Property 'taxProfile' has no initializer and is not definitely assigned in the constructor.
docs/nestjs-models/product.entity.ts(105,5): error TS2564: Property 'creator' has no initializer and is not definitely assigned in the constructor.
docs/nestjs-models/product.entity.ts(107,39): error TS7006: Parameter 'variant' implicitly has an 'any' type.
docs/nestjs-models/product.entity.ts(108,5): error TS2564: Property 'variants' has no initializer and is not definitely assigned in the constructor.
docs/nestjs-models/product.entity.ts(110,39): error TS7006: Parameter 'barcode' implicitly has an 'any' type.
docs/nestjs-models/product.entity.ts(111,5): error TS2564: Property 'barcodes' has no initializer and is not definitely assigned in the constructor.
docs/nestjs-models/refresh-token.entity.ts(9,8): error TS2307: Cannot find module 'typeorm' or its corresponding type declarations.
docs/nestjs-models/refresh-token.entity.ts(16,5): error TS2564: Property 'id' has no initializer and is not definitely assigned in the constructor.
docs/nestjs-models/refresh-token.entity.ts(19,5): error TS2564: Property 'userId' has no initializer and is not definitely assigned in the constructor.
docs/nestjs-models/refresh-token.entity.ts(22,5): error TS2564: Property 'tokenHash' has no initializer and is not definitely assigned in the constructor.
docs/nestjs-models/refresh-token.entity.ts(25,5): error TS2564: Property 'expiresAt' has no initializer and is not definitely assigned in the constructor.
docs/nestjs-models/refresh-token.entity.ts(28,5): error TS2564: Property 'revoked' has no initializer and is not definitely assigned in the constructor.
docs/nestjs-models/refresh-token.entity.ts(31,5): error TS2564: Property 'deviceInfo' has no initializer and is not definitely assigned in the constructor.
docs/nestjs-models/refresh-token.entity.ts(34,5): error TS2564: Property 'createdAt' has no initializer and is not definitely assigned in the constructor.
docs/nestjs-models/refresh-token.entity.ts(39,5): error TS2564: Property 'user' has no initializer and is not definitely assigned in the constructor.
docs/nestjs-models/register.entity.ts(8,8): error TS2307: Cannot find module 'typeorm' or its corresponding type declarations.
docs/nestjs-models/register.entity.ts(15,5): error TS2564: Property 'id' has no initializer and is not definitely assigned in the constructor.
docs/nestjs-models/register.entity.ts(18,5): error TS2564: Property 'tenantId' has no initializer and is not definitely assigned in the constructor.
docs/nestjs-models/register.entity.ts(21,5): error TS2564: Property 'locationId' has no initializer and is not definitely assigned in the constructor.
docs/nestjs-models/register.entity.ts(24,5): error TS2564: Property 'name' has no initializer and is not definitely assigned in the constructor.
docs/nestjs-models/register.entity.ts(27,5): error TS2564: Property 'deviceId' has no initializer and is not definitely assigned in the constructor.
docs/nestjs-models/register.entity.ts(34,5): error TS2564: Property 'status' has no initializer and is not definitely assigned in the constructor.
docs/nestjs-models/register.entity.ts(37,5): error TS2564: Property 'lastSeenAt' has no initializer and is not definitely assigned in the constructor.
docs/nestjs-models/register.entity.ts(40,5): error TS2564: Property 'createdAt' has no initializer and is not definitely assigned in the constructor.
docs/nestjs-models/register.entity.ts(45,5): error TS2564: Property 'tenant' has no initializer and is not definitely assigned in the constructor.
docs/nestjs-models/register.entity.ts(47,33): error TS7006: Parameter 'location' implicitly has an 'any' type.
docs/nestjs-models/register.entity.ts(49,5): error TS2564: Property 'location' has no initializer and is not definitely assigned in the constructor.
docs/nestjs-models/return-line.entity.ts(7,8): error TS2307: Cannot find module 'typeorm' or its corresponding type declarations.
docs/nestjs-models/return-line.entity.ts(16,5): error TS2564: Property 'id' has no initializer and is not definitely assigned in the constructor.
docs/nestjs-models/return-line.entity.ts(19,5): error TS2564: Property 'returnId' has no initializer and is not definitely assigned in the constructor.
docs/nestjs-models/return-line.entity.ts(22,5): error TS2564: Property 'saleLineId' has no initializer and is not definitely assigned in the constructor.
docs/nestjs-models/return-line.entity.ts(25,5): error TS2564: Property 'productId' has no initializer and is not definitely assigned in the constructor.
docs/nestjs-models/return-line.entity.ts(28,5): error TS2564: Property 'variantId' has no initializer and is not definitely assigned in the constructor.
docs/nestjs-models/return-line.entity.ts(31,5): error TS2564: Property 'quantity' has no initializer and is not definitely assigned in the constructor.
docs/nestjs-models/return-line.entity.ts(34,5): error TS2564: Property 'refundAmount' has no initializer and is not definitely assigned in the constructor.
docs/nestjs-models/return-line.entity.ts(37,5): error TS2564: Property 'restock' has no initializer and is not definitely assigned in the constructor.
docs/nestjs-models/return-line.entity.ts(40,31): error TS7006: Parameter 'ret' implicitly has an 'any' type.
docs/nestjs-models/return-line.entity.ts(42,5): error TS2564: Property 'returnEntity' has no initializer and is not definitely assigned in the constructor.
docs/nestjs-models/return-line.entity.ts(46,5): error TS2564: Property 'saleLine' has no initializer and is not definitely assigned in the constructor.
docs/nestjs-models/return-line.entity.ts(50,5): error TS2564: Property 'product' has no initializer and is not definitely assigned in the constructor.
docs/nestjs-models/return-line.entity.ts(54,5): error TS2564: Property 'variant' has no initializer and is not definitely assigned in the constructor.
docs/nestjs-models/return.entity.ts(9,8): error TS2307: Cannot find module 'typeorm' or its corresponding type declarations.
docs/nestjs-models/return.entity.ts(20,5): error TS2564: Property 'id' has no initializer and is not definitely assigned in the constructor.
docs/nestjs-models/return.entity.ts(23,5): error TS2564: Property 'tenantId' has no initializer and is not definitely assigned in the constructor.
docs/nestjs-models/return.entity.ts(26,5): error TS2564: Property 'locationId' has no initializer and is not definitely assigned in the constructor.
docs/nestjs-models/return.entity.ts(29,5): error TS2564: Property 'saleId' has no initializer and is not definitely assigned in the constructor.
docs/nestjs-models/return.entity.ts(32,5): error TS2564: Property 'invoiceNo' has no initializer and is not definitely assigned in the constructor.
docs/nestjs-models/return.entity.ts(35,5): error TS2564: Property 'customerId' has no initializer and is not definitely assigned in the constructor.
docs/nestjs-models/return.entity.ts(38,5): error TS2564: Property 'refundTotal' has no initializer and is not definitely assigned in the constructor.
docs/nestjs-models/return.entity.ts(41,5): error TS2564: Property 'reason' has no initializer and is not definitely assigned in the constructor.
docs/nestjs-models/return.entity.ts(48,5): error TS2564: Property 'status' has no initializer and is not definitely assigned in the constructor.
docs/nestjs-models/return.entity.ts(51,5): error TS2564: Property 'processedBy' has no initializer and is not definitely assigned in the constructor.
docs/nestjs-models/return.entity.ts(54,5): error TS2564: Property 'approvedBy' has no initializer and is not definitely assigned in the constructor.
docs/nestjs-models/return.entity.ts(57,5): error TS2564: Property 'createdAt' has no initializer and is not definitely assigned in the constructor.
docs/nestjs-models/return.entity.ts(60,5): error TS2564: Property 'completedAt' has no initializer and is not definitely assigned in the constructor.
docs/nestjs-models/return.entity.ts(65,5): error TS2564: Property 'tenant' has no initializer and is not definitely assigned in the constructor.
docs/nestjs-models/return.entity.ts(69,5): error TS2564: Property 'location' has no initializer and is not definitely assigned in the constructor.
docs/nestjs-models/return.entity.ts(73,5): error TS2564: Property 'sale' has no initializer and is not definitely assigned in the constructor.
docs/nestjs-models/return.entity.ts(77,5): error TS2564: Property 'customer' has no initializer and is not definitely assigned in the constructor.
docs/nestjs-models/return.entity.ts(81,5): error TS2564: Property 'processor' has no initializer and is not definitely assigned in the constructor.
docs/nestjs-models/return.entity.ts(85,5): error TS2564: Property 'approver' has no initializer and is not definitely assigned in the constructor.
docs/nestjs-models/return.entity.ts(87,35): error TS7006: Parameter 'line' implicitly has an 'any' type.
docs/nestjs-models/return.entity.ts(88,5): error TS2564: Property 'lines' has no initializer and is not definitely assigned in the constructor.
docs/nestjs-models/role.entity.ts(11,8): error TS2307: Cannot find module 'typeorm' or its corresponding type declarations.
docs/nestjs-models/role.entity.ts(20,5): error TS2564: Property 'id' has no initializer and is not definitely assigned in the constructor.
docs/nestjs-models/role.entity.ts(23,5): error TS2564: Property 'tenantId' has no initializer and is not definitely assigned in the constructor.
docs/nestjs-models/role.entity.ts(26,5): error TS2564: Property 'name' has no initializer and is not definitely assigned in the constructor.
docs/nestjs-models/role.entity.ts(29,5): error TS2564: Property 'description' has no initializer and is not definitely assigned in the constructor.
docs/nestjs-models/role.entity.ts(32,5): error TS2564: Property 'isSystem' has no initializer and is not definitely assigned in the constructor.
docs/nestjs-models/role.entity.ts(35,5): error TS2564: Property 'createdAt' has no initializer and is not definitely assigned in the constructor.
docs/nestjs-models/role.entity.ts(38,31): error TS7006: Parameter 'tenant' implicitly has an 'any' type.
docs/nestjs-models/role.entity.ts(40,5): error TS2564: Property 'tenant' has no initializer and is not definitely assigned in the constructor.
docs/nestjs-models/role.entity.ts(42,36): error TS7006: Parameter 'permission' implicitly has an 'any' type.
docs/nestjs-models/role.entity.ts(48,5): error TS2564: Property 'permissions' has no initializer and is not definitely assigned in the constructor.
docs/nestjs-models/role.entity.ts(50,30): error TS7006: Parameter 'user' implicitly has an 'any' type.
docs/nestjs-models/role.entity.ts(51,5): error TS2564: Property 'users' has no initializer and is not definitely assigned in the constructor.
docs/nestjs-models/sale-line.entity.ts(7,8): error TS2307: Cannot find module 'typeorm' or its corresponding type declarations.
docs/nestjs-models/sale-line.entity.ts(16,5): error TS2564: Property 'id' has no initializer and is not definitely assigned in the constructor.
docs/nestjs-models/sale-line.entity.ts(19,5): error TS2564: Property 'saleId' has no initializer and is not definitely assigned in the constructor.
docs/nestjs-models/sale-line.entity.ts(22,5): error TS2564: Property 'productId' has no initializer and is not definitely assigned in the constructor.
docs/nestjs-models/sale-line.entity.ts(25,5): error TS2564: Property 'variantId' has no initializer and is not definitely assigned in the constructor.
docs/nestjs-models/sale-line.entity.ts(29,5): error TS2564: Property 'sku' has no initializer and is not definitely assigned in the constructor.
docs/nestjs-models/sale-line.entity.ts(32,5): error TS2564: Property 'name' has no initializer and is not definitely assigned in the constructor.
docs/nestjs-models/sale-line.entity.ts(35,5): error TS2564: Property 'quantity' has no initializer and is not definitely assigned in the constructor.
docs/nestjs-models/sale-line.entity.ts(38,5): error TS2564: Property 'unitPrice' has no initializer and is not definitely assigned in the constructor.
docs/nestjs-models/sale-line.entity.ts(41,5): error TS2564: Property 'costPrice' has no initializer and is not definitely assigned in the constructor.
docs/nestjs-models/sale-line.entity.ts(44,5): error TS2564: Property 'discountAmount' has no initializer and is not definitely assigned in the constructor.
docs/nestjs-models/sale-line.entity.ts(47,5): error TS2564: Property 'taxRate' has no initializer and is not definitely assigned in the constructor.
docs/nestjs-models/sale-line.entity.ts(55,5): error TS2564: Property 'taxType' has no initializer and is not definitely assigned in the constructor.
docs/nestjs-models/sale-line.entity.ts(58,5): error TS2564: Property 'taxAmount' has no initializer and is not definitely assigned in the constructor.
docs/nestjs-models/sale-line.entity.ts(61,5): error TS2564: Property 'lineTotal' has no initializer and is not definitely assigned in the constructor.
docs/nestjs-models/sale-line.entity.ts(64,5): error TS2564: Property 'offerId' has no initializer and is not definitely assigned in the constructor.
docs/nestjs-models/sale-line.entity.ts(67,29): error TS7006: Parameter 'sale' implicitly has an 'any' type.
docs/nestjs-models/sale-line.entity.ts(69,5): error TS2564: Property 'sale' has no initializer and is not definitely assigned in the constructor.
docs/nestjs-models/sale-line.entity.ts(73,5): error TS2564: Property 'product' has no initializer and is not definitely assigned in the constructor.
docs/nestjs-models/sale-line.entity.ts(77,5): error TS2564: Property 'variant' has no initializer and is not definitely assigned in the constructor.
docs/nestjs-models/sale-line.entity.ts(81,5): error TS2564: Property 'offer' has no initializer and is not definitely assigned in the constructor.
docs/nestjs-models/sale-payment.entity.ts(8,8): error TS2307: Cannot find module 'typeorm' or its corresponding type declarations.
docs/nestjs-models/sale-payment.entity.ts(14,5): error TS2564: Property 'id' has no initializer and is not definitely assigned in the constructor.
docs/nestjs-models/sale-payment.entity.ts(17,5): error TS2564: Property 'saleId' has no initializer and is not definitely assigned in the constructor.
docs/nestjs-models/sale-payment.entity.ts(23,5): error TS2564: Property 'method' has no initializer and is not definitely assigned in the constructor.
docs/nestjs-models/sale-payment.entity.ts(26,5): error TS2564: Property 'amount' has no initializer and is not definitely assigned in the constructor.
docs/nestjs-models/sale-payment.entity.ts(29,5): error TS2564: Property 'reference' has no initializer and is not definitely assigned in the constructor.
docs/nestjs-models/sale-payment.entity.ts(32,5): error TS2564: Property 'changeAmount' has no initializer and is not definitely assigned in the constructor.
docs/nestjs-models/sale-payment.entity.ts(35,5): error TS2564: Property 'createdAt' has no initializer and is not definitely assigned in the constructor.
docs/nestjs-models/sale-payment.entity.ts(38,29): error TS7006: Parameter 'sale' implicitly has an 'any' type.
docs/nestjs-models/sale-payment.entity.ts(40,5): error TS2564: Property 'sale' has no initializer and is not definitely assigned in the constructor.
docs/nestjs-models/sale.entity.ts(10,8): error TS2307: Cannot find module 'typeorm' or its corresponding type declarations.
docs/nestjs-models/sale.entity.ts(28,5): error TS2564: Property 'id' has no initializer and is not definitely assigned in the constructor.
docs/nestjs-models/sale.entity.ts(31,5): error TS2564: Property 'tenantId' has no initializer and is not definitely assigned in the constructor.
docs/nestjs-models/sale.entity.ts(34,5): error TS2564: Property 'locationId' has no initializer and is not definitely assigned in the constructor.
docs/nestjs-models/sale.entity.ts(37,5): error TS2564: Property 'registerId' has no initializer and is not definitely assigned in the constructor.
docs/nestjs-models/sale.entity.ts(40,5): error TS2564: Property 'invoiceNo' has no initializer and is not definitely assigned in the constructor.
docs/nestjs-models/sale.entity.ts(43,5): error TS2564: Property 'customerId' has no initializer and is not definitely assigned in the constructor.
docs/nestjs-models/sale.entity.ts(46,5): error TS2564: Property 'cashierId' has no initializer and is not definitely assigned in the constructor.
docs/nestjs-models/sale.entity.ts(49,5): error TS2564: Property 'subtotal' has no initializer and is not definitely assigned in the constructor.
docs/nestjs-models/sale.entity.ts(52,5): error TS2564: Property 'discountTotal' has no initializer and is not definitely assigned in the constructor.
docs/nestjs-models/sale.entity.ts(55,5): error TS2564: Property 'taxTotal' has no initializer and is not definitely assigned in the constructor.
docs/nestjs-models/sale.entity.ts(58,5): error TS2564: Property 'total' has no initializer and is not definitely assigned in the constructor.
docs/nestjs-models/sale.entity.ts(61,5): error TS2564: Property 'loyaltyPointsEarned' has no initializer and is not definitely assigned in the constructor.
docs/nestjs-models/sale.entity.ts(64,5): error TS2564: Property 'loyaltyPointsRedeemed' has no initializer and is not definitely assigned in the constructor.
docs/nestjs-models/sale.entity.ts(67,5): error TS2564: Property 'loyaltyDiscount' has no initializer and is not definitely assigned in the constructor.
docs/nestjs-models/sale.entity.ts(74,5): error TS2564: Property 'status' has no initializer and is not definitely assigned in the constructor.
docs/nestjs-models/sale.entity.ts(77,5): error TS2564: Property 'notes' has no initializer and is not definitely assigned in the constructor.
docs/nestjs-models/sale.entity.ts(80,5): error TS2564: Property 'shiftId' has no initializer and is not definitely assigned in the constructor.
docs/nestjs-models/sale.entity.ts(83,5): error TS2564: Property 'isOffline' has no initializer and is not definitely assigned in the constructor.
docs/nestjs-models/sale.entity.ts(86,5): error TS2564: Property 'offlineId' has no initializer and is not definitely assigned in the constructor.
docs/nestjs-models/sale.entity.ts(89,5): error TS2564: Property 'completedAt' has no initializer and is not definitely assigned in the constructor.
docs/nestjs-models/sale.entity.ts(92,5): error TS2564: Property 'createdAt' has no initializer and is not definitely assigned in the constructor.
docs/nestjs-models/sale.entity.ts(97,5): error TS2564: Property 'tenant' has no initializer and is not definitely assigned in the constructor.
docs/nestjs-models/sale.entity.ts(101,5): error TS2564: Property 'location' has no initializer and is not definitely assigned in the constructor.
docs/nestjs-models/sale.entity.ts(105,5): error TS2564: Property 'register' has no initializer and is not definitely assigned in the constructor.
docs/nestjs-models/sale.entity.ts(109,5): error TS2564: Property 'customer' has no initializer and is not definitely assigned in the constructor.
docs/nestjs-models/sale.entity.ts(113,5): error TS2564: Property 'cashier' has no initializer and is not definitely assigned in the constructor.
docs/nestjs-models/sale.entity.ts(117,5): error TS2564: Property 'shift' has no initializer and is not definitely assigned in the constructor.
docs/nestjs-models/sale.entity.ts(119,33): error TS7006: Parameter 'line' implicitly has an 'any' type.
docs/nestjs-models/sale.entity.ts(120,5): error TS2564: Property 'lines' has no initializer and is not definitely assigned in the constructor.
docs/nestjs-models/sale.entity.ts(122,36): error TS7006: Parameter 'payment' implicitly has an 'any' type.
docs/nestjs-models/sale.entity.ts(123,5): error TS2564: Property 'payments' has no initializer and is not definitely assigned in the constructor.
docs/nestjs-models/setting.entity.ts(9,8): error TS2307: Cannot find module 'typeorm' or its corresponding type declarations.
docs/nestjs-models/setting.entity.ts(17,5): error TS2564: Property 'id' has no initializer and is not definitely assigned in the constructor.
docs/nestjs-models/setting.entity.ts(20,5): error TS2564: Property 'tenantId' has no initializer and is not definitely assigned in the constructor.
docs/nestjs-models/setting.entity.ts(23,5): error TS2564: Property 'locationId' has no initializer and is not definitely assigned in the constructor.
docs/nestjs-models/setting.entity.ts(26,5): error TS2564: Property 'key' has no initializer and is not definitely assigned in the constructor.
docs/nestjs-models/setting.entity.ts(32,5): error TS2564: Property 'updatedAt' has no initializer and is not definitely assigned in the constructor.
docs/nestjs-models/setting.entity.ts(37,5): error TS2564: Property 'tenant' has no initializer and is not definitely assigned in the constructor.
docs/nestjs-models/setting.entity.ts(41,5): error TS2564: Property 'location' has no initializer and is not definitely assigned in the constructor.
docs/nestjs-models/stock-transfer-line.entity.ts(7,8): error TS2307: Cannot find module 'typeorm' or its corresponding type declarations.
docs/nestjs-models/stock-transfer-line.entity.ts(15,5): error TS2564: Property 'id' has no initializer and is not definitely assigned in the constructor.
docs/nestjs-models/stock-transfer-line.entity.ts(18,5): error TS2564: Property 'transferId' has no initializer and is not definitely assigned in the constructor.
docs/nestjs-models/stock-transfer-line.entity.ts(21,5): error TS2564: Property 'productId' has no initializer and is not definitely assigned in the constructor.
docs/nestjs-models/stock-transfer-line.entity.ts(24,5): error TS2564: Property 'variantId' has no initializer and is not definitely assigned in the constructor.
docs/nestjs-models/stock-transfer-line.entity.ts(27,5): error TS2564: Property 'quantity' has no initializer and is not definitely assigned in the constructor.
docs/nestjs-models/stock-transfer-line.entity.ts(30,5): error TS2564: Property 'receivedQuantity' has no initializer and is not definitely assigned in the constructor.
docs/nestjs-models/stock-transfer-line.entity.ts(33,38): error TS7006: Parameter 'transfer' implicitly has an 'any' type.
docs/nestjs-models/stock-transfer-line.entity.ts(35,5): error TS2564: Property 'transfer' has no initializer and is not definitely assigned in the constructor.
docs/nestjs-models/stock-transfer-line.entity.ts(39,5): error TS2564: Property 'product' has no initializer and is not definitely assigned in the constructor.
docs/nestjs-models/stock-transfer-line.entity.ts(43,5): error TS2564: Property 'variant' has no initializer and is not definitely assigned in the constructor.
docs/nestjs-models/stock-transfer.entity.ts(10,8): error TS2307: Cannot find module 'typeorm' or its corresponding type declarations.
docs/nestjs-models/stock-transfer.entity.ts(19,5): error TS2564: Property 'id' has no initializer and is not definitely assigned in the constructor.
docs/nestjs-models/stock-transfer.entity.ts(22,5): error TS2564: Property 'tenantId' has no initializer and is not definitely assigned in the constructor.
docs/nestjs-models/stock-transfer.entity.ts(25,5): error TS2564: Property 'fromLocationId' has no initializer and is not definitely assigned in the constructor.
docs/nestjs-models/stock-transfer.entity.ts(28,5): error TS2564: Property 'toLocationId' has no initializer and is not definitely assigned in the constructor.
docs/nestjs-models/stock-transfer.entity.ts(35,5): error TS2564: Property 'status' has no initializer and is not definitely assigned in the constructor.
docs/nestjs-models/stock-transfer.entity.ts(38,5): error TS2564: Property 'notes' has no initializer and is not definitely assigned in the constructor.
docs/nestjs-models/stock-transfer.entity.ts(41,5): error TS2564: Property 'shippedBy' has no initializer and is not definitely assigned in the constructor.
docs/nestjs-models/stock-transfer.entity.ts(44,5): error TS2564: Property 'receivedBy' has no initializer and is not definitely assigned in the constructor.
docs/nestjs-models/stock-transfer.entity.ts(47,5): error TS2564: Property 'shippedAt' has no initializer and is not definitely assigned in the constructor.
docs/nestjs-models/stock-transfer.entity.ts(50,5): error TS2564: Property 'receivedAt' has no initializer and is not definitely assigned in the constructor.
docs/nestjs-models/stock-transfer.entity.ts(53,5): error TS2564: Property 'createdByUserId' has no initializer and is not definitely assigned in the constructor.
docs/nestjs-models/stock-transfer.entity.ts(56,5): error TS2564: Property 'createdAt' has no initializer and is not definitely assigned in the constructor.
docs/nestjs-models/stock-transfer.entity.ts(59,5): error TS2564: Property 'updatedAt' has no initializer and is not definitely assigned in the constructor.
docs/nestjs-models/stock-transfer.entity.ts(64,5): error TS2564: Property 'tenant' has no initializer and is not definitely assigned in the constructor.
docs/nestjs-models/stock-transfer.entity.ts(68,5): error TS2564: Property 'fromLocation' has no initializer and is not definitely assigned in the constructor.
docs/nestjs-models/stock-transfer.entity.ts(72,5): error TS2564: Property 'toLocation' has no initializer and is not definitely assigned in the constructor.
docs/nestjs-models/stock-transfer.entity.ts(76,5): error TS2564: Property 'shipper' has no initializer and is not definitely assigned in the constructor.
docs/nestjs-models/stock-transfer.entity.ts(80,5): error TS2564: Property 'receiver' has no initializer and is not definitely assigned in the constructor.
docs/nestjs-models/stock-transfer.entity.ts(84,5): error TS2564: Property 'createdByUser' has no initializer and is not definitely assigned in the constructor.
docs/nestjs-models/stock-transfer.entity.ts(86,42): error TS7006: Parameter 'line' implicitly has an 'any' type.
docs/nestjs-models/stock-transfer.entity.ts(87,5): error TS2564: Property 'lines' has no initializer and is not definitely assigned in the constructor.
docs/nestjs-models/tax-profile.entity.ts(8,8): error TS2307: Cannot find module 'typeorm' or its corresponding type declarations.
docs/nestjs-models/tax-profile.entity.ts(14,5): error TS2564: Property 'id' has no initializer and is not definitely assigned in the constructor.
docs/nestjs-models/tax-profile.entity.ts(17,5): error TS2564: Property 'tenantId' has no initializer and is not definitely assigned in the constructor.
docs/nestjs-models/tax-profile.entity.ts(20,5): error TS2564: Property 'name' has no initializer and is not definitely assigned in the constructor.
docs/nestjs-models/tax-profile.entity.ts(23,5): error TS2564: Property 'rate' has no initializer and is not definitely assigned in the constructor.
docs/nestjs-models/tax-profile.entity.ts(30,5): error TS2564: Property 'type' has no initializer and is not definitely assigned in the constructor.
docs/nestjs-models/tax-profile.entity.ts(33,5): error TS2564: Property 'isDefault' has no initializer and is not definitely assigned in the constructor.
docs/nestjs-models/tax-profile.entity.ts(40,5): error TS2564: Property 'status' has no initializer and is not definitely assigned in the constructor.
docs/nestjs-models/tax-profile.entity.ts(43,5): error TS2564: Property 'createdAt' has no initializer and is not definitely assigned in the constructor.
docs/nestjs-models/tax-profile.entity.ts(48,5): error TS2564: Property 'tenant' has no initializer and is not definitely assigned in the constructor.
docs/nestjs-models/tenant.entity.ts(8,8): error TS2307: Cannot find module 'typeorm' or its corresponding type declarations.
docs/nestjs-models/tenant.entity.ts(16,5): error TS2564: Property 'id' has no initializer and is not definitely assigned in the constructor.
docs/nestjs-models/tenant.entity.ts(19,5): error TS2564: Property 'name' has no initializer and is not definitely assigned in the constructor.
docs/nestjs-models/tenant.entity.ts(22,5): error TS2564: Property 'slug' has no initializer and is not definitely assigned in the constructor.
docs/nestjs-models/tenant.entity.ts(25,5): error TS2564: Property 'logoUrl' has no initializer and is not definitely assigned in the constructor.
docs/nestjs-models/tenant.entity.ts(28,5): error TS2564: Property 'faviconUrl' has no initializer and is not definitely assigned in the constructor.
docs/nestjs-models/tenant.entity.ts(31,5): error TS2564: Property 'tagline' has no initializer and is not definitely assigned in the constructor.
docs/nestjs-models/tenant.entity.ts(34,5): error TS2564: Property 'contactEmail' has no initializer and is not definitely assigned in the constructor.
docs/nestjs-models/tenant.entity.ts(37,5): error TS2564: Property 'contactPhone' has no initializer and is not definitely assigned in the constructor.
docs/nestjs-models/tenant.entity.ts(40,5): error TS2564: Property 'address' has no initializer and is not definitely assigned in the constructor.
docs/nestjs-models/tenant.entity.ts(43,5): error TS2564: Property 'currency' has no initializer and is not definitely assigned in the constructor.
docs/nestjs-models/tenant.entity.ts(46,5): error TS2564: Property 'timezone' has no initializer and is not definitely assigned in the constructor.
docs/nestjs-models/tenant.entity.ts(49,5): error TS2564: Property 'features' has no initializer and is not definitely assigned in the constructor.
docs/nestjs-models/tenant.entity.ts(52,5): error TS2564: Property 'subscriptionPlan' has no initializer and is not definitely assigned in the constructor.
docs/nestjs-models/tenant.entity.ts(60,5): error TS2564: Property 'subscriptionStatus' has no initializer and is not definitely assigned in the constructor.
docs/nestjs-models/tenant.entity.ts(63,5): error TS2564: Property 'createdAt' has no initializer and is not definitely assigned in the constructor.
docs/nestjs-models/tenant.entity.ts(66,5): error TS2564: Property 'updatedAt' has no initializer and is not definitely assigned in the constructor.
docs/nestjs-models/tenant.entity.ts(69,33): error TS7006: Parameter 'location' implicitly has an 'any' type.
docs/nestjs-models/tenant.entity.ts(70,5): error TS2564: Property 'locations' has no initializer and is not definitely assigned in the constructor.
docs/nestjs-models/tenant.entity.ts(72,29): error TS7006: Parameter 'user' implicitly has an 'any' type.
docs/nestjs-models/tenant.entity.ts(73,5): error TS2564: Property 'users' has no initializer and is not definitely assigned in the constructor.
docs/nestjs-models/tenant.entity.ts(75,29): error TS7006: Parameter 'role' implicitly has an 'any' type.
docs/nestjs-models/tenant.entity.ts(76,5): error TS2564: Property 'roles' has no initializer and is not definitely assigned in the constructor.
docs/nestjs-models/user.entity.ts(13,8): error TS2307: Cannot find module 'typeorm' or its corresponding type declarations.
docs/nestjs-models/user.entity.ts(22,5): error TS2564: Property 'id' has no initializer and is not definitely assigned in the constructor.
docs/nestjs-models/user.entity.ts(25,5): error TS2564: Property 'tenantId' has no initializer and is not definitely assigned in the constructor.
docs/nestjs-models/user.entity.ts(28,5): error TS2564: Property 'name' has no initializer and is not definitely assigned in the constructor.
docs/nestjs-models/user.entity.ts(31,5): error TS2564: Property 'email' has no initializer and is not definitely assigned in the constructor.
docs/nestjs-models/user.entity.ts(34,5): error TS2564: Property 'passwordHash' has no initializer and is not definitely assigned in the constructor.
docs/nestjs-models/user.entity.ts(37,5): error TS2564: Property 'phone' has no initializer and is not definitely assigned in the constructor.
docs/nestjs-models/user.entity.ts(40,5): error TS2564: Property 'avatarUrl' has no initializer and is not definitely assigned in the constructor.
docs/nestjs-models/user.entity.ts(43,5): error TS2564: Property 'pin' has no initializer and is not definitely assigned in the constructor.
docs/nestjs-models/user.entity.ts(50,5): error TS2564: Property 'status' has no initializer and is not definitely assigned in the constructor.
docs/nestjs-models/user.entity.ts(53,5): error TS2564: Property 'defaultLocationId' has no initializer and is not definitely assigned in the constructor.
docs/nestjs-models/user.entity.ts(56,5): error TS2564: Property 'lastLoginAt' has no initializer and is not definitely assigned in the constructor.
docs/nestjs-models/user.entity.ts(59,5): error TS2564: Property 'createdAt' has no initializer and is not definitely assigned in the constructor.
docs/nestjs-models/user.entity.ts(62,5): error TS2564: Property 'updatedAt' has no initializer and is not definitely assigned in the constructor.
docs/nestjs-models/user.entity.ts(65,5): error TS2564: Property 'deletedAt' has no initializer and is not definitely assigned in the constructor.
docs/nestjs-models/user.entity.ts(68,31): error TS7006: Parameter 'tenant' implicitly has an 'any' type.
docs/nestjs-models/user.entity.ts(70,5): error TS2564: Property 'tenant' has no initializer and is not definitely assigned in the constructor.
docs/nestjs-models/user.entity.ts(74,5): error TS2564: Property 'defaultLocation' has no initializer and is not definitely assigned in the constructor.
docs/nestjs-models/user.entity.ts(76,30): error TS7006: Parameter 'role' implicitly has an 'any' type.
docs/nestjs-models/user.entity.ts(82,5): error TS2564: Property 'roles' has no initializer and is not definitely assigned in the constructor.
src/app/(admin)/admin/sales/page.tsx(101,52): error TS2345: Argument of type '{ id: string; productId: string; type: "IN"; quantity: number; reason: string; referenceId: string; performedBy: string; timestamp: string; locationId: string; }[]' is not assignable to parameter of type 'InventoryTransaction[]'.
  Property 'createdAt' is missing in type '{ id: string; productId: string; type: "IN"; quantity: number; reason: string; referenceId: string; performedBy: string; timestamp: string; locationId: string; }' but required in type 'InventoryTransaction'.
src/components/offers/OfferForm.tsx(59,7): error TS2345: Argument of type 'ZodCoercedNumber<unknown>' is not assignable to parameter of type 'ZodNumber'.
  Types of property '_input' are incompatible.
    Type 'unknown' is not assignable to type 'number'.
src/components/offers/OfferForm.tsx(62,7): error TS2345: Argument of type 'ZodCoercedNumber<unknown>' is not assignable to parameter of type 'ZodNumber'.
  Types of property '_input' are incompatible.
    Type 'unknown' is not assignable to type 'number'.
src/components/offers/OfferForm.tsx(462,5): error TS2322: Type 'Resolver<{ name: string; description: string; type: "percentage" | "fixed" | "buy_x_get_y" | "bundle" | "category_discount"; value: unknown; applicableOn: "all" | "category" | "product"; minPurchase: unknown; ... 7 more ...; bundle?: { ...; } | undefined; }, any, { ...; }>' is not assignable to type 'Resolver<{ name: string; description: string; type: "percentage" | "fixed" | "buy_x_get_y" | "bundle" | "category_discount"; applicableOn: "all" | "category" | "product"; productIds: string[]; ... 8 more ...; bundle?: { ...; } | undefined; }, any, { ...; }>'.
  Types of parameters 'values' and 'values' are incompatible.
    Type '{ name: string; description: string; type: "percentage" | "fixed" | "buy_x_get_y" | "bundle" | "category_discount"; applicableOn: "all" | "category" | "product"; productIds: string[]; ... 8 more ...; bundle?: { ...; } | undefined; }' is not assignable to type '{ name: string; description: string; type: "percentage" | "fixed" | "buy_x_get_y" | "bundle" | "category_discount"; value: unknown; applicableOn: "all" | "category" | "product"; minPurchase: unknown; ... 7 more ...; bundle?: { ...; } | undefined; }'.
      Property 'value' is optional in type '{ name: string; description: string; type: "percentage" | "fixed" | "buy_x_get_y" | "bundle" | "category_discount"; applicableOn: "all" | "category" | "product"; productIds: string[]; ... 8 more ...; bundle?: { ...; } | undefined; }' but required in type '{ name: string; description: string; type: "percentage" | "fixed" | "buy_x_get_y" | "bundle" | "category_discount"; value: unknown; applicableOn: "all" | "category" | "product"; minPurchase: unknown; ... 7 more ...; bundle?: { ...; } | undefined; }'.
src/components/offers/OfferForm.tsx(556,7): error TS2322: Type 'string | null | undefined' is not assignable to type 'string | undefined'.
  Type 'null' is not assignable to type 'string | undefined'.
src/components/offers/OfferForm.tsx(575,37): error TS2345: Argument of type '(values: OfferFormValues) => Promise<void>' is not assignable to parameter of type 'SubmitHandler<TFieldValues>'.
  Types of parameters 'values' and 'data' are incompatible.
    Type 'TFieldValues' is not assignable to type '{ name: string; description: string; type: "percentage" | "fixed" | "buy_x_get_y" | "bundle" | "category_discount"; applicableOn: "all" | "category" | "product"; productIds: string[]; ... 8 more ...; bundle?: { ...; } | undefined; }'.
      Type 'FieldValues' is missing the following properties from type '{ name: string; description: string; type: "percentage" | "fixed" | "buy_x_get_y" | "bundle" | "category_discount"; applicableOn: "all" | "category" | "product"; productIds: string[]; ... 8 more ...; bundle?: { ...; } | undefined; }': name, description, type, applicableOn, and 4 more.
src/components/offers/OfferForm.tsx(579,11): error TS2322: Type 'Control<{ name: string; description: string; type: "percentage" | "fixed" | "buy_x_get_y" | "bundle" | "category_discount"; applicableOn: "all" | "category" | "product"; productIds: string[]; ... 8 more ...; bundle?: { ...; } | undefined; }, any, TFieldValues>' is not assignable to type 'Control<{ name: string; description: string; type: "percentage" | "fixed" | "buy_x_get_y" | "bundle" | "category_discount"; applicableOn: "all" | "category" | "product"; productIds: string[]; ... 8 more ...; bundle?: { ...; } | undefined; }, any, { ...; }>'.
  The types of '_options.resolver' are incompatible between these types.
    Type 'Resolver<{ name: string; description: string; type: "percentage" | "fixed" | "buy_x_get_y" | "bundle" | "category_discount"; applicableOn: "all" | "category" | "product"; productIds: string[]; ... 8 more ...; bundle?: { ...; } | undefined; }, any, TFieldValues> | undefined' is not assignable to type 'Resolver<{ name: string; description: string; type: "percentage" | "fixed" | "buy_x_get_y" | "bundle" | "category_discount"; applicableOn: "all" | "category" | "product"; productIds: string[]; ... 8 more ...; bundle?: { ...; } | undefined; }, any, { ...; }> | undefined'.
      Type 'Resolver<{ name: string; description: string; type: "percentage" | "fixed" | "buy_x_get_y" | "bundle" | "category_discount"; applicableOn: "all" | "category" | "product"; productIds: string[]; ... 8 more ...; bundle?: { ...; } | undefined; }, any, TFieldValues>' is not assignable to type 'Resolver<{ name: string; description: string; type: "percentage" | "fixed" | "buy_x_get_y" | "bundle" | "category_discount"; applicableOn: "all" | "category" | "product"; productIds: string[]; ... 8 more ...; bundle?: { ...; } | undefined; }, any, { ...; }>'.
        Type 'ResolverResult<{ name: string; description: string; type: "percentage" | "fixed" | "buy_x_get_y" | "bundle" | "category_discount"; applicableOn: "all" | "category" | "product"; productIds: string[]; ... 8 more ...; bundle?: { ...; } | undefined; }, TFieldValues> | Promise<...>' is not assignable to type 'ResolverResult<{ name: string; description: string; type: "percentage" | "fixed" | "buy_x_get_y" | "bundle" | "category_discount"; applicableOn: "all" | "category" | "product"; productIds: string[]; ... 8 more ...; bundle?: { ...; } | undefined; }, { ...; }> | Promise<...>'.
          Type 'ResolverSuccess<TFieldValues>' is not assignable to type 'ResolverResult<{ name: string; description: string; type: "percentage" | "fixed" | "buy_x_get_y" | "bundle" | "category_discount"; applicableOn: "all" | "category" | "product"; productIds: string[]; ... 8 more ...; bundle?: { ...; } | undefined; }, { ...; }> | Promise<...>'.
            Type 'ResolverSuccess<TFieldValues>' is not assignable to type 'ResolverSuccess<{ name: string; description: string; type: "percentage" | "fixed" | "buy_x_get_y" | "bundle" | "category_discount"; applicableOn: "all" | "category" | "product"; productIds: string[]; ... 8 more ...; bundle?: { ...; } | undefined; }>'.
              Type 'TFieldValues' is not assignable to type '{ name: string; description: string; type: "percentage" | "fixed" | "buy_x_get_y" | "bundle" | "category_discount"; applicableOn: "all" | "category" | "product"; productIds: string[]; ... 8 more ...; bundle?: { ...; } | undefined; }'.
                Type 'FieldValues' is missing the following properties from type '{ name: string; description: string; type: "percentage" | "fixed" | "buy_x_get_y" | "bundle" | "category_discount"; applicableOn: "all" | "category" | "product"; productIds: string[]; ... 8 more ...; bundle?: { ...; } | undefined; }': name, description, type, applicableOn, and 4 more.
src/components/offers/OfferForm.tsx(595,11): error TS2322: Type 'Control<{ name: string; description: string; type: "percentage" | "fixed" | "buy_x_get_y" | "bundle" | "category_discount"; applicableOn: "all" | "category" | "product"; productIds: string[]; ... 8 more ...; bundle?: { ...; } | undefined; }, any, TFieldValues>' is not assignable to type 'Control<{ name: string; description: string; type: "percentage" | "fixed" | "buy_x_get_y" | "bundle" | "category_discount"; applicableOn: "all" | "category" | "product"; productIds: string[]; ... 8 more ...; bundle?: { ...; } | undefined; }, any, { ...; }>'.
  The types of '_options.resolver' are incompatible between these types.
    Type 'Resolver<{ name: string; description: string; type: "percentage" | "fixed" | "buy_x_get_y" | "bundle" | "category_discount"; applicableOn: "all" | "category" | "product"; productIds: string[]; ... 8 more ...; bundle?: { ...; } | undefined; }, any, TFieldValues> | undefined' is not assignable to type 'Resolver<{ name: string; description: string; type: "percentage" | "fixed" | "buy_x_get_y" | "bundle" | "category_discount"; applicableOn: "all" | "category" | "product"; productIds: string[]; ... 8 more ...; bundle?: { ...; } | undefined; }, any, { ...; }> | undefined'.
      Type 'Resolver<{ name: string; description: string; type: "percentage" | "fixed" | "buy_x_get_y" | "bundle" | "category_discount"; applicableOn: "all" | "category" | "product"; productIds: string[]; ... 8 more ...; bundle?: { ...; } | undefined; }, any, TFieldValues>' is not assignable to type 'Resolver<{ name: string; description: string; type: "percentage" | "fixed" | "buy_x_get_y" | "bundle" | "category_discount"; applicableOn: "all" | "category" | "product"; productIds: string[]; ... 8 more ...; bundle?: { ...; } | undefined; }, any, { ...; }>'.
        Type 'ResolverResult<{ name: string; description: string; type: "percentage" | "fixed" | "buy_x_get_y" | "bundle" | "category_discount"; applicableOn: "all" | "category" | "product"; productIds: string[]; ... 8 more ...; bundle?: { ...; } | undefined; }, TFieldValues> | Promise<...>' is not assignable to type 'ResolverResult<{ name: string; description: string; type: "percentage" | "fixed" | "buy_x_get_y" | "bundle" | "category_discount"; applicableOn: "all" | "category" | "product"; productIds: string[]; ... 8 more ...; bundle?: { ...; } | undefined; }, { ...; }> | Promise<...>'.
          Type 'ResolverSuccess<TFieldValues>' is not assignable to type 'ResolverResult<{ name: string; description: string; type: "percentage" | "fixed" | "buy_x_get_y" | "bundle" | "category_discount"; applicableOn: "all" | "category" | "product"; productIds: string[]; ... 8 more ...; bundle?: { ...; } | undefined; }, { ...; }> | Promise<...>'.
            Type 'ResolverSuccess<TFieldValues>' is not assignable to type 'ResolverSuccess<{ name: string; description: string; type: "percentage" | "fixed" | "buy_x_get_y" | "bundle" | "category_discount"; applicableOn: "all" | "category" | "product"; productIds: string[]; ... 8 more ...; bundle?: { ...; } | undefined; }>'.
              Type 'TFieldValues' is not assignable to type '{ name: string; description: string; type: "percentage" | "fixed" | "buy_x_get_y" | "bundle" | "category_discount"; applicableOn: "all" | "category" | "product"; productIds: string[]; ... 8 more ...; bundle?: { ...; } | undefined; }'.
                Type 'FieldValues' is missing the following properties from type '{ name: string; description: string; type: "percentage" | "fixed" | "buy_x_get_y" | "bundle" | "category_discount"; applicableOn: "all" | "category" | "product"; productIds: string[]; ... 8 more ...; bundle?: { ...; } | undefined; }': name, description, type, applicableOn, and 4 more.
src/components/offers/OfferForm.tsx(615,13): error TS2322: Type 'Control<{ name: string; description: string; type: "percentage" | "fixed" | "buy_x_get_y" | "bundle" | "category_discount"; applicableOn: "all" | "category" | "product"; productIds: string[]; ... 8 more ...; bundle?: { ...; } | undefined; }, any, TFieldValues>' is not assignable to type 'Control<{ name: string; description: string; type: "percentage" | "fixed" | "buy_x_get_y" | "bundle" | "category_discount"; applicableOn: "all" | "category" | "product"; productIds: string[]; ... 8 more ...; bundle?: { ...; } | undefined; }, any, { ...; }>'.
  The types of '_options.resolver' are incompatible between these types.
    Type 'Resolver<{ name: string; description: string; type: "percentage" | "fixed" | "buy_x_get_y" | "bundle" | "category_discount"; applicableOn: "all" | "category" | "product"; productIds: string[]; ... 8 more ...; bundle?: { ...; } | undefined; }, any, TFieldValues> | undefined' is not assignable to type 'Resolver<{ name: string; description: string; type: "percentage" | "fixed" | "buy_x_get_y" | "bundle" | "category_discount"; applicableOn: "all" | "category" | "product"; productIds: string[]; ... 8 more ...; bundle?: { ...; } | undefined; }, any, { ...; }> | undefined'.
      Type 'Resolver<{ name: string; description: string; type: "percentage" | "fixed" | "buy_x_get_y" | "bundle" | "category_discount"; applicableOn: "all" | "category" | "product"; productIds: string[]; ... 8 more ...; bundle?: { ...; } | undefined; }, any, TFieldValues>' is not assignable to type 'Resolver<{ name: string; description: string; type: "percentage" | "fixed" | "buy_x_get_y" | "bundle" | "category_discount"; applicableOn: "all" | "category" | "product"; productIds: string[]; ... 8 more ...; bundle?: { ...; } | undefined; }, any, { ...; }>'.
        Type 'ResolverResult<{ name: string; description: string; type: "percentage" | "fixed" | "buy_x_get_y" | "bundle" | "category_discount"; applicableOn: "all" | "category" | "product"; productIds: string[]; ... 8 more ...; bundle?: { ...; } | undefined; }, TFieldValues> | Promise<...>' is not assignable to type 'ResolverResult<{ name: string; description: string; type: "percentage" | "fixed" | "buy_x_get_y" | "bundle" | "category_discount"; applicableOn: "all" | "category" | "product"; productIds: string[]; ... 8 more ...; bundle?: { ...; } | undefined; }, { ...; }> | Promise<...>'.
          Type 'ResolverSuccess<TFieldValues>' is not assignable to type 'ResolverResult<{ name: string; description: string; type: "percentage" | "fixed" | "buy_x_get_y" | "bundle" | "category_discount"; applicableOn: "all" | "category" | "product"; productIds: string[]; ... 8 more ...; bundle?: { ...; } | undefined; }, { ...; }> | Promise<...>'.
            Type 'ResolverSuccess<TFieldValues>' is not assignable to type 'ResolverSuccess<{ name: string; description: string; type: "percentage" | "fixed" | "buy_x_get_y" | "bundle" | "category_discount"; applicableOn: "all" | "category" | "product"; productIds: string[]; ... 8 more ...; bundle?: { ...; } | undefined; }>'.
              Type 'TFieldValues' is not assignable to type '{ name: string; description: string; type: "percentage" | "fixed" | "buy_x_get_y" | "bundle" | "category_discount"; applicableOn: "all" | "category" | "product"; productIds: string[]; ... 8 more ...; bundle?: { ...; } | undefined; }'.
                Type 'FieldValues' is missing the following properties from type '{ name: string; description: string; type: "percentage" | "fixed" | "buy_x_get_y" | "bundle" | "category_discount"; applicableOn: "all" | "category" | "product"; productIds: string[]; ... 8 more ...; bundle?: { ...; } | undefined; }': name, description, type, applicableOn, and 4 more.
src/components/offers/OfferForm.tsx(648,13): error TS2322: Type 'Control<{ name: string; description: string; type: "percentage" | "fixed" | "buy_x_get_y" | "bundle" | "category_discount"; applicableOn: "all" | "category" | "product"; productIds: string[]; ... 8 more ...; bundle?: { ...; } | undefined; }, any, TFieldValues>' is not assignable to type 'Control<{ name: string; description: string; type: "percentage" | "fixed" | "buy_x_get_y" | "bundle" | "category_discount"; applicableOn: "all" | "category" | "product"; productIds: string[]; ... 8 more ...; bundle?: { ...; } | undefined; }, any, { ...; }>'.
  The types of '_options.resolver' are incompatible between these types.
    Type 'Resolver<{ name: string; description: string; type: "percentage" | "fixed" | "buy_x_get_y" | "bundle" | "category_discount"; applicableOn: "all" | "category" | "product"; productIds: string[]; ... 8 more ...; bundle?: { ...; } | undefined; }, any, TFieldValues> | undefined' is not assignable to type 'Resolver<{ name: string; description: string; type: "percentage" | "fixed" | "buy_x_get_y" | "bundle" | "category_discount"; applicableOn: "all" | "category" | "product"; productIds: string[]; ... 8 more ...; bundle?: { ...; } | undefined; }, any, { ...; }> | undefined'.
      Type 'Resolver<{ name: string; description: string; type: "percentage" | "fixed" | "buy_x_get_y" | "bundle" | "category_discount"; applicableOn: "all" | "category" | "product"; productIds: string[]; ... 8 more ...; bundle?: { ...; } | undefined; }, any, TFieldValues>' is not assignable to type 'Resolver<{ name: string; description: string; type: "percentage" | "fixed" | "buy_x_get_y" | "bundle" | "category_discount"; applicableOn: "all" | "category" | "product"; productIds: string[]; ... 8 more ...; bundle?: { ...; } | undefined; }, any, { ...; }>'.
        Type 'ResolverResult<{ name: string; description: string; type: "percentage" | "fixed" | "buy_x_get_y" | "bundle" | "category_discount"; applicableOn: "all" | "category" | "product"; productIds: string[]; ... 8 more ...; bundle?: { ...; } | undefined; }, TFieldValues> | Promise<...>' is not assignable to type 'ResolverResult<{ name: string; description: string; type: "percentage" | "fixed" | "buy_x_get_y" | "bundle" | "category_discount"; applicableOn: "all" | "category" | "product"; productIds: string[]; ... 8 more ...; bundle?: { ...; } | undefined; }, { ...; }> | Promise<...>'.
          Type 'ResolverSuccess<TFieldValues>' is not assignable to type 'ResolverResult<{ name: string; description: string; type: "percentage" | "fixed" | "buy_x_get_y" | "bundle" | "category_discount"; applicableOn: "all" | "category" | "product"; productIds: string[]; ... 8 more ...; bundle?: { ...; } | undefined; }, { ...; }> | Promise<...>'.
            Type 'ResolverSuccess<TFieldValues>' is not assignable to type 'ResolverSuccess<{ name: string; description: string; type: "percentage" | "fixed" | "buy_x_get_y" | "bundle" | "category_discount"; applicableOn: "all" | "category" | "product"; productIds: string[]; ... 8 more ...; bundle?: { ...; } | undefined; }>'.
              Type 'TFieldValues' is not assignable to type '{ name: string; description: string; type: "percentage" | "fixed" | "buy_x_get_y" | "bundle" | "category_discount"; applicableOn: "all" | "category" | "product"; productIds: string[]; ... 8 more ...; bundle?: { ...; } | undefined; }'.
                Type 'FieldValues' is missing the following properties from type '{ name: string; description: string; type: "percentage" | "fixed" | "buy_x_get_y" | "bundle" | "category_discount"; applicableOn: "all" | "category" | "product"; productIds: string[]; ... 8 more ...; bundle?: { ...; } | undefined; }': name, description, type, applicableOn, and 4 more.
src/components/offers/OfferForm.tsx(689,13): error TS2322: Type 'Control<{ name: string; description: string; type: "percentage" | "fixed" | "buy_x_get_y" | "bundle" | "category_discount"; applicableOn: "all" | "category" | "product"; productIds: string[]; ... 8 more ...; bundle?: { ...; } | undefined; }, any, TFieldValues>' is not assignable to type 'Control<{ name: string; description: string; type: "percentage" | "fixed" | "buy_x_get_y" | "bundle" | "category_discount"; applicableOn: "all" | "category" | "product"; productIds: string[]; ... 8 more ...; bundle?: { ...; } | undefined; }, any, { ...; }>'.
  The types of '_options.resolver' are incompatible between these types.
    Type 'Resolver<{ name: string; description: string; type: "percentage" | "fixed" | "buy_x_get_y" | "bundle" | "category_discount"; applicableOn: "all" | "category" | "product"; productIds: string[]; ... 8 more ...; bundle?: { ...; } | undefined; }, any, TFieldValues> | undefined' is not assignable to type 'Resolver<{ name: string; description: string; type: "percentage" | "fixed" | "buy_x_get_y" | "bundle" | "category_discount"; applicableOn: "all" | "category" | "product"; productIds: string[]; ... 8 more ...; bundle?: { ...; } | undefined; }, any, { ...; }> | undefined'.
      Type 'Resolver<{ name: string; description: string; type: "percentage" | "fixed" | "buy_x_get_y" | "bundle" | "category_discount"; applicableOn: "all" | "category" | "product"; productIds: string[]; ... 8 more ...; bundle?: { ...; } | undefined; }, any, TFieldValues>' is not assignable to type 'Resolver<{ name: string; description: string; type: "percentage" | "fixed" | "buy_x_get_y" | "bundle" | "category_discount"; applicableOn: "all" | "category" | "product"; productIds: string[]; ... 8 more ...; bundle?: { ...; } | undefined; }, any, { ...; }>'.
        Type 'ResolverResult<{ name: string; description: string; type: "percentage" | "fixed" | "buy_x_get_y" | "bundle" | "category_discount"; applicableOn: "all" | "category" | "product"; productIds: string[]; ... 8 more ...; bundle?: { ...; } | undefined; }, TFieldValues> | Promise<...>' is not assignable to type 'ResolverResult<{ name: string; description: string; type: "percentage" | "fixed" | "buy_x_get_y" | "bundle" | "category_discount"; applicableOn: "all" | "category" | "product"; productIds: string[]; ... 8 more ...; bundle?: { ...; } | undefined; }, { ...; }> | Promise<...>'.
          Type 'ResolverSuccess<TFieldValues>' is not assignable to type 'ResolverResult<{ name: string; description: string; type: "percentage" | "fixed" | "buy_x_get_y" | "bundle" | "category_discount"; applicableOn: "all" | "category" | "product"; productIds: string[]; ... 8 more ...; bundle?: { ...; } | undefined; }, { ...; }> | Promise<...>'.
            Type 'ResolverSuccess<TFieldValues>' is not assignable to type 'ResolverSuccess<{ name: string; description: string; type: "percentage" | "fixed" | "buy_x_get_y" | "bundle" | "category_discount"; applicableOn: "all" | "category" | "product"; productIds: string[]; ... 8 more ...; bundle?: { ...; } | undefined; }>'.
              Type 'TFieldValues' is not assignable to type '{ name: string; description: string; type: "percentage" | "fixed" | "buy_x_get_y" | "bundle" | "category_discount"; applicableOn: "all" | "category" | "product"; productIds: string[]; ... 8 more ...; bundle?: { ...; } | undefined; }'.
                Type 'FieldValues' is missing the following properties from type '{ name: string; description: string; type: "percentage" | "fixed" | "buy_x_get_y" | "bundle" | "category_discount"; applicableOn: "all" | "category" | "product"; productIds: string[]; ... 8 more ...; bundle?: { ...; } | undefined; }': name, description, type, applicableOn, and 4 more.
src/components/offers/OfferForm.tsx(709,11): error TS2322: Type 'Control<{ name: string; description: string; type: "percentage" | "fixed" | "buy_x_get_y" | "bundle" | "category_discount"; applicableOn: "all" | "category" | "product"; productIds: string[]; ... 8 more ...; bundle?: { ...; } | undefined; }, any, TFieldValues>' is not assignable to type 'Control<{ name: string; description: string; type: "percentage" | "fixed" | "buy_x_get_y" | "bundle" | "category_discount"; applicableOn: "all" | "category" | "product"; productIds: string[]; ... 8 more ...; bundle?: { ...; } | undefined; }, any, { ...; }>'.
  The types of '_options.resolver' are incompatible between these types.
    Type 'Resolver<{ name: string; description: string; type: "percentage" | "fixed" | "buy_x_get_y" | "bundle" | "category_discount"; applicableOn: "all" | "category" | "product"; productIds: string[]; ... 8 more ...; bundle?: { ...; } | undefined; }, any, TFieldValues> | undefined' is not assignable to type 'Resolver<{ name: string; description: string; type: "percentage" | "fixed" | "buy_x_get_y" | "bundle" | "category_discount"; applicableOn: "all" | "category" | "product"; productIds: string[]; ... 8 more ...; bundle?: { ...; } | undefined; }, any, { ...; }> | undefined'.
      Type 'Resolver<{ name: string; description: string; type: "percentage" | "fixed" | "buy_x_get_y" | "bundle" | "category_discount"; applicableOn: "all" | "category" | "product"; productIds: string[]; ... 8 more ...; bundle?: { ...; } | undefined; }, any, TFieldValues>' is not assignable to type 'Resolver<{ name: string; description: string; type: "percentage" | "fixed" | "buy_x_get_y" | "bundle" | "category_discount"; applicableOn: "all" | "category" | "product"; productIds: string[]; ... 8 more ...; bundle?: { ...; } | undefined; }, any, { ...; }>'.
        Type 'ResolverResult<{ name: string; description: string; type: "percentage" | "fixed" | "buy_x_get_y" | "bundle" | "category_discount"; applicableOn: "all" | "category" | "product"; productIds: string[]; ... 8 more ...; bundle?: { ...; } | undefined; }, TFieldValues> | Promise<...>' is not assignable to type 'ResolverResult<{ name: string; description: string; type: "percentage" | "fixed" | "buy_x_get_y" | "bundle" | "category_discount"; applicableOn: "all" | "category" | "product"; productIds: string[]; ... 8 more ...; bundle?: { ...; } | undefined; }, { ...; }> | Promise<...>'.
          Type 'ResolverSuccess<TFieldValues>' is not assignable to type 'ResolverResult<{ name: string; description: string; type: "percentage" | "fixed" | "buy_x_get_y" | "bundle" | "category_discount"; applicableOn: "all" | "category" | "product"; productIds: string[]; ... 8 more ...; bundle?: { ...; } | undefined; }, { ...; }> | Promise<...>'.
            Type 'ResolverSuccess<TFieldValues>' is not assignable to type 'ResolverSuccess<{ name: string; description: string; type: "percentage" | "fixed" | "buy_x_get_y" | "bundle" | "category_discount"; applicableOn: "all" | "category" | "product"; productIds: string[]; ... 8 more ...; bundle?: { ...; } | undefined; }>'.
              Type 'TFieldValues' is not assignable to type '{ name: string; description: string; type: "percentage" | "fixed" | "buy_x_get_y" | "bundle" | "category_discount"; applicableOn: "all" | "category" | "product"; productIds: string[]; ... 8 more ...; bundle?: { ...; } | undefined; }'.
                Type 'FieldValues' is missing the following properties from type '{ name: string; description: string; type: "percentage" | "fixed" | "buy_x_get_y" | "bundle" | "category_discount"; applicableOn: "all" | "category" | "product"; productIds: string[]; ... 8 more ...; bundle?: { ...; } | undefined; }': name, description, type, applicableOn, and 4 more.
src/components/offers/OfferForm.tsx(738,13): error TS2322: Type 'Control<{ name: string; description: string; type: "percentage" | "fixed" | "buy_x_get_y" | "bundle" | "category_discount"; applicableOn: "all" | "category" | "product"; productIds: string[]; ... 8 more ...; bundle?: { ...; } | undefined; }, any, TFieldValues>' is not assignable to type 'Control<{ name: string; description: string; type: "percentage" | "fixed" | "buy_x_get_y" | "bundle" | "category_discount"; applicableOn: "all" | "category" | "product"; productIds: string[]; ... 8 more ...; bundle?: { ...; } | undefined; }, any, { ...; }>'.
  The types of '_options.resolver' are incompatible between these types.
    Type 'Resolver<{ name: string; description: string; type: "percentage" | "fixed" | "buy_x_get_y" | "bundle" | "category_discount"; applicableOn: "all" | "category" | "product"; productIds: string[]; ... 8 more ...; bundle?: { ...; } | undefined; }, any, TFieldValues> | undefined' is not assignable to type 'Resolver<{ name: string; description: string; type: "percentage" | "fixed" | "buy_x_get_y" | "bundle" | "category_discount"; applicableOn: "all" | "category" | "product"; productIds: string[]; ... 8 more ...; bundle?: { ...; } | undefined; }, any, { ...; }> | undefined'.
      Type 'Resolver<{ name: string; description: string; type: "percentage" | "fixed" | "buy_x_get_y" | "bundle" | "category_discount"; applicableOn: "all" | "category" | "product"; productIds: string[]; ... 8 more ...; bundle?: { ...; } | undefined; }, any, TFieldValues>' is not assignable to type 'Resolver<{ name: string; description: string; type: "percentage" | "fixed" | "buy_x_get_y" | "bundle" | "category_discount"; applicableOn: "all" | "category" | "product"; productIds: string[]; ... 8 more ...; bundle?: { ...; } | undefined; }, any, { ...; }>'.
        Type 'ResolverResult<{ name: string; description: string; type: "percentage" | "fixed" | "buy_x_get_y" | "bundle" | "category_discount"; applicableOn: "all" | "category" | "product"; productIds: string[]; ... 8 more ...; bundle?: { ...; } | undefined; }, TFieldValues> | Promise<...>' is not assignable to type 'ResolverResult<{ name: string; description: string; type: "percentage" | "fixed" | "buy_x_get_y" | "bundle" | "category_discount"; applicableOn: "all" | "category" | "product"; productIds: string[]; ... 8 more ...; bundle?: { ...; } | undefined; }, { ...; }> | Promise<...>'.
          Type 'ResolverSuccess<TFieldValues>' is not assignable to type 'ResolverResult<{ name: string; description: string; type: "percentage" | "fixed" | "buy_x_get_y" | "bundle" | "category_discount"; applicableOn: "all" | "category" | "product"; productIds: string[]; ... 8 more ...; bundle?: { ...; } | undefined; }, { ...; }> | Promise<...>'.
            Type 'ResolverSuccess<TFieldValues>' is not assignable to type 'ResolverSuccess<{ name: string; description: string; type: "percentage" | "fixed" | "buy_x_get_y" | "bundle" | "category_discount"; applicableOn: "all" | "category" | "product"; productIds: string[]; ... 8 more ...; bundle?: { ...; } | undefined; }>'.
              Type 'TFieldValues' is not assignable to type '{ name: string; description: string; type: "percentage" | "fixed" | "buy_x_get_y" | "bundle" | "category_discount"; applicableOn: "all" | "category" | "product"; productIds: string[]; ... 8 more ...; bundle?: { ...; } | undefined; }'.
                Type 'FieldValues' is missing the following properties from type '{ name: string; description: string; type: "percentage" | "fixed" | "buy_x_get_y" | "bundle" | "category_discount"; applicableOn: "all" | "category" | "product"; productIds: string[]; ... 8 more ...; bundle?: { ...; } | undefined; }': name, description, type, applicableOn, and 4 more.
src/components/offers/OfferForm.tsx(768,13): error TS2322: Type 'Control<{ name: string; description: string; type: "percentage" | "fixed" | "buy_x_get_y" | "bundle" | "category_discount"; applicableOn: "all" | "category" | "product"; productIds: string[]; ... 8 more ...; bundle?: { ...; } | undefined; }, any, TFieldValues>' is not assignable to type 'Control<{ name: string; description: string; type: "percentage" | "fixed" | "buy_x_get_y" | "bundle" | "category_discount"; applicableOn: "all" | "category" | "product"; productIds: string[]; ... 8 more ...; bundle?: { ...; } | undefined; }, any, { ...; }>'.
  The types of '_options.resolver' are incompatible between these types.
    Type 'Resolver<{ name: string; description: string; type: "percentage" | "fixed" | "buy_x_get_y" | "bundle" | "category_discount"; applicableOn: "all" | "category" | "product"; productIds: string[]; ... 8 more ...; bundle?: { ...; } | undefined; }, any, TFieldValues> | undefined' is not assignable to type 'Resolver<{ name: string; description: string; type: "percentage" | "fixed" | "buy_x_get_y" | "bundle" | "category_discount"; applicableOn: "all" | "category" | "product"; productIds: string[]; ... 8 more ...; bundle?: { ...; } | undefined; }, any, { ...; }> | undefined'.
      Type 'Resolver<{ name: string; description: string; type: "percentage" | "fixed" | "buy_x_get_y" | "bundle" | "category_discount"; applicableOn: "all" | "category" | "product"; productIds: string[]; ... 8 more ...; bundle?: { ...; } | undefined; }, any, TFieldValues>' is not assignable to type 'Resolver<{ name: string; description: string; type: "percentage" | "fixed" | "buy_x_get_y" | "bundle" | "category_discount"; applicableOn: "all" | "category" | "product"; productIds: string[]; ... 8 more ...; bundle?: { ...; } | undefined; }, any, { ...; }>'.
        Type 'ResolverResult<{ name: string; description: string; type: "percentage" | "fixed" | "buy_x_get_y" | "bundle" | "category_discount"; applicableOn: "all" | "category" | "product"; productIds: string[]; ... 8 more ...; bundle?: { ...; } | undefined; }, TFieldValues> | Promise<...>' is not assignable to type 'ResolverResult<{ name: string; description: string; type: "percentage" | "fixed" | "buy_x_get_y" | "bundle" | "category_discount"; applicableOn: "all" | "category" | "product"; productIds: string[]; ... 8 more ...; bundle?: { ...; } | undefined; }, { ...; }> | Promise<...>'.
          Type 'ResolverSuccess<TFieldValues>' is not assignable to type 'ResolverResult<{ name: string; description: string; type: "percentage" | "fixed" | "buy_x_get_y" | "bundle" | "category_discount"; applicableOn: "all" | "category" | "product"; productIds: string[]; ... 8 more ...; bundle?: { ...; } | undefined; }, { ...; }> | Promise<...>'.
            Type 'ResolverSuccess<TFieldValues>' is not assignable to type 'ResolverSuccess<{ name: string; description: string; type: "percentage" | "fixed" | "buy_x_get_y" | "bundle" | "category_discount"; applicableOn: "all" | "category" | "product"; productIds: string[]; ... 8 more ...; bundle?: { ...; } | undefined; }>'.
              Type 'TFieldValues' is not assignable to type '{ name: string; description: string; type: "percentage" | "fixed" | "buy_x_get_y" | "bundle" | "category_discount"; applicableOn: "all" | "category" | "product"; productIds: string[]; ... 8 more ...; bundle?: { ...; } | undefined; }'.
                Type 'FieldValues' is missing the following properties from type '{ name: string; description: string; type: "percentage" | "fixed" | "buy_x_get_y" | "bundle" | "category_discount"; applicableOn: "all" | "category" | "product"; productIds: string[]; ... 8 more ...; bundle?: { ...; } | undefined; }': name, description, type, applicableOn, and 4 more.
src/components/offers/OfferForm.tsx(805,17): error TS2322: Type 'Control<{ name: string; description: string; type: "percentage" | "fixed" | "buy_x_get_y" | "bundle" | "category_discount"; applicableOn: "all" | "category" | "product"; productIds: string[]; ... 8 more ...; bundle?: { ...; } | undefined; }, any, TFieldValues>' is not assignable to type 'Control<{ name: string; description: string; type: "percentage" | "fixed" | "buy_x_get_y" | "bundle" | "category_discount"; applicableOn: "all" | "category" | "product"; productIds: string[]; ... 8 more ...; bundle?: { ...; } | undefined; }, any, { ...; }>'.
  The types of '_options.resolver' are incompatible between these types.
    Type 'Resolver<{ name: string; description: string; type: "percentage" | "fixed" | "buy_x_get_y" | "bundle" | "category_discount"; applicableOn: "all" | "category" | "product"; productIds: string[]; ... 8 more ...; bundle?: { ...; } | undefined; }, any, TFieldValues> | undefined' is not assignable to type 'Resolver<{ name: string; description: string; type: "percentage" | "fixed" | "buy_x_get_y" | "bundle" | "category_discount"; applicableOn: "all" | "category" | "product"; productIds: string[]; ... 8 more ...; bundle?: { ...; } | undefined; }, any, { ...; }> | undefined'.
      Type 'Resolver<{ name: string; description: string; type: "percentage" | "fixed" | "buy_x_get_y" | "bundle" | "category_discount"; applicableOn: "all" | "category" | "product"; productIds: string[]; ... 8 more ...; bundle?: { ...; } | undefined; }, any, TFieldValues>' is not assignable to type 'Resolver<{ name: string; description: string; type: "percentage" | "fixed" | "buy_x_get_y" | "bundle" | "category_discount"; applicableOn: "all" | "category" | "product"; productIds: string[]; ... 8 more ...; bundle?: { ...; } | undefined; }, any, { ...; }>'.
        Type 'ResolverResult<{ name: string; description: string; type: "percentage" | "fixed" | "buy_x_get_y" | "bundle" | "category_discount"; applicableOn: "all" | "category" | "product"; productIds: string[]; ... 8 more ...; bundle?: { ...; } | undefined; }, TFieldValues> | Promise<...>' is not assignable to type 'ResolverResult<{ name: string; description: string; type: "percentage" | "fixed" | "buy_x_get_y" | "bundle" | "category_discount"; applicableOn: "all" | "category" | "product"; productIds: string[]; ... 8 more ...; bundle?: { ...; } | undefined; }, { ...; }> | Promise<...>'.
          Type 'ResolverSuccess<TFieldValues>' is not assignable to type 'ResolverResult<{ name: string; description: string; type: "percentage" | "fixed" | "buy_x_get_y" | "bundle" | "category_discount"; applicableOn: "all" | "category" | "product"; productIds: string[]; ... 8 more ...; bundle?: { ...; } | undefined; }, { ...; }> | Promise<...>'.
            Type 'ResolverSuccess<TFieldValues>' is not assignable to type 'ResolverSuccess<{ name: string; description: string; type: "percentage" | "fixed" | "buy_x_get_y" | "bundle" | "category_discount"; applicableOn: "all" | "category" | "product"; productIds: string[]; ... 8 more ...; bundle?: { ...; } | undefined; }>'.
              Type 'TFieldValues' is not assignable to type '{ name: string; description: string; type: "percentage" | "fixed" | "buy_x_get_y" | "bundle" | "category_discount"; applicableOn: "all" | "category" | "product"; productIds: string[]; ... 8 more ...; bundle?: { ...; } | undefined; }'.
                Type 'FieldValues' is missing the following properties from type '{ name: string; description: string; type: "percentage" | "fixed" | "buy_x_get_y" | "bundle" | "category_discount"; applicableOn: "all" | "category" | "product"; productIds: string[]; ... 8 more ...; bundle?: { ...; } | undefined; }': name, description, type, applicableOn, and 4 more.
src/components/offers/OfferForm.tsx(818,17): error TS2322: Type 'Control<{ name: string; description: string; type: "percentage" | "fixed" | "buy_x_get_y" | "bundle" | "category_discount"; applicableOn: "all" | "category" | "product"; productIds: string[]; ... 8 more ...; bundle?: { ...; } | undefined; }, any, TFieldValues>' is not assignable to type 'Control<{ name: string; description: string; type: "percentage" | "fixed" | "buy_x_get_y" | "bundle" | "category_discount"; applicableOn: "all" | "category" | "product"; productIds: string[]; ... 8 more ...; bundle?: { ...; } | undefined; }, any, { ...; }>'.
  The types of '_options.resolver' are incompatible between these types.
    Type 'Resolver<{ name: string; description: string; type: "percentage" | "fixed" | "buy_x_get_y" | "bundle" | "category_discount"; applicableOn: "all" | "category" | "product"; productIds: string[]; ... 8 more ...; bundle?: { ...; } | undefined; }, any, TFieldValues> | undefined' is not assignable to type 'Resolver<{ name: string; description: string; type: "percentage" | "fixed" | "buy_x_get_y" | "bundle" | "category_discount"; applicableOn: "all" | "category" | "product"; productIds: string[]; ... 8 more ...; bundle?: { ...; } | undefined; }, any, { ...; }> | undefined'.
      Type 'Resolver<{ name: string; description: string; type: "percentage" | "fixed" | "buy_x_get_y" | "bundle" | "category_discount"; applicableOn: "all" | "category" | "product"; productIds: string[]; ... 8 more ...; bundle?: { ...; } | undefined; }, any, TFieldValues>' is not assignable to type 'Resolver<{ name: string; description: string; type: "percentage" | "fixed" | "buy_x_get_y" | "bundle" | "category_discount"; applicableOn: "all" | "category" | "product"; productIds: string[]; ... 8 more ...; bundle?: { ...; } | undefined; }, any, { ...; }>'.
        Type 'ResolverResult<{ name: string; description: string; type: "percentage" | "fixed" | "buy_x_get_y" | "bundle" | "category_discount"; applicableOn: "all" | "category" | "product"; productIds: string[]; ... 8 more ...; bundle?: { ...; } | undefined; }, TFieldValues> | Promise<...>' is not assignable to type 'ResolverResult<{ name: string; description: string; type: "percentage" | "fixed" | "buy_x_get_y" | "bundle" | "category_discount"; applicableOn: "all" | "category" | "product"; productIds: string[]; ... 8 more ...; bundle?: { ...; } | undefined; }, { ...; }> | Promise<...>'.
          Type 'ResolverSuccess<TFieldValues>' is not assignable to type 'ResolverResult<{ name: string; description: string; type: "percentage" | "fixed" | "buy_x_get_y" | "bundle" | "category_discount"; applicableOn: "all" | "category" | "product"; productIds: string[]; ... 8 more ...; bundle?: { ...; } | undefined; }, { ...; }> | Promise<...>'.
            Type 'ResolverSuccess<TFieldValues>' is not assignable to type 'ResolverSuccess<{ name: string; description: string; type: "percentage" | "fixed" | "buy_x_get_y" | "bundle" | "category_discount"; applicableOn: "all" | "category" | "product"; productIds: string[]; ... 8 more ...; bundle?: { ...; } | undefined; }>'.
              Type 'TFieldValues' is not assignable to type '{ name: string; description: string; type: "percentage" | "fixed" | "buy_x_get_y" | "bundle" | "category_discount"; applicableOn: "all" | "category" | "product"; productIds: string[]; ... 8 more ...; bundle?: { ...; } | undefined; }'.
                Type 'FieldValues' is missing the following properties from type '{ name: string; description: string; type: "percentage" | "fixed" | "buy_x_get_y" | "bundle" | "category_discount"; applicableOn: "all" | "category" | "product"; productIds: string[]; ... 8 more ...; bundle?: { ...; } | undefined; }': name, description, type, applicableOn, and 4 more.
src/components/offers/OfferForm.tsx(834,17): error TS2322: Type 'Control<{ name: string; description: string; type: "percentage" | "fixed" | "buy_x_get_y" | "bundle" | "category_discount"; applicableOn: "all" | "category" | "product"; productIds: string[]; ... 8 more ...; bundle?: { ...; } | undefined; }, any, TFieldValues>' is not assignable to type 'Control<{ name: string; description: string; type: "percentage" | "fixed" | "buy_x_get_y" | "bundle" | "category_discount"; applicableOn: "all" | "category" | "product"; productIds: string[]; ... 8 more ...; bundle?: { ...; } | undefined; }, any, { ...; }>'.
  The types of '_options.resolver' are incompatible between these types.
    Type 'Resolver<{ name: string; description: string; type: "percentage" | "fixed" | "buy_x_get_y" | "bundle" | "category_discount"; applicableOn: "all" | "category" | "product"; productIds: string[]; ... 8 more ...; bundle?: { ...; } | undefined; }, any, TFieldValues> | undefined' is not assignable to type 'Resolver<{ name: string; description: string; type: "percentage" | "fixed" | "buy_x_get_y" | "bundle" | "category_discount"; applicableOn: "all" | "category" | "product"; productIds: string[]; ... 8 more ...; bundle?: { ...; } | undefined; }, any, { ...; }> | undefined'.
      Type 'Resolver<{ name: string; description: string; type: "percentage" | "fixed" | "buy_x_get_y" | "bundle" | "category_discount"; applicableOn: "all" | "category" | "product"; productIds: string[]; ... 8 more ...; bundle?: { ...; } | undefined; }, any, TFieldValues>' is not assignable to type 'Resolver<{ name: string; description: string; type: "percentage" | "fixed" | "buy_x_get_y" | "bundle" | "category_discount"; applicableOn: "all" | "category" | "product"; productIds: string[]; ... 8 more ...; bundle?: { ...; } | undefined; }, any, { ...; }>'.
        Type 'ResolverResult<{ name: string; description: string; type: "percentage" | "fixed" | "buy_x_get_y" | "bundle" | "category_discount"; applicableOn: "all" | "category" | "product"; productIds: string[]; ... 8 more ...; bundle?: { ...; } | undefined; }, TFieldValues> | Promise<...>' is not assignable to type 'ResolverResult<{ name: string; description: string; type: "percentage" | "fixed" | "buy_x_get_y" | "bundle" | "category_discount"; applicableOn: "all" | "category" | "product"; productIds: string[]; ... 8 more ...; bundle?: { ...; } | undefined; }, { ...; }> | Promise<...>'.
          Type 'ResolverSuccess<TFieldValues>' is not assignable to type 'ResolverResult<{ name: string; description: string; type: "percentage" | "fixed" | "buy_x_get_y" | "bundle" | "category_discount"; applicableOn: "all" | "category" | "product"; productIds: string[]; ... 8 more ...; bundle?: { ...; } | undefined; }, { ...; }> | Promise<...>'.
            Type 'ResolverSuccess<TFieldValues>' is not assignable to type 'ResolverSuccess<{ name: string; description: string; type: "percentage" | "fixed" | "buy_x_get_y" | "bundle" | "category_discount"; applicableOn: "all" | "category" | "product"; productIds: string[]; ... 8 more ...; bundle?: { ...; } | undefined; }>'.
              Type 'TFieldValues' is not assignable to type '{ name: string; description: string; type: "percentage" | "fixed" | "buy_x_get_y" | "bundle" | "category_discount"; applicableOn: "all" | "category" | "product"; productIds: string[]; ... 8 more ...; bundle?: { ...; } | undefined; }'.
                Type 'FieldValues' is missing the following properties from type '{ name: string; description: string; type: "percentage" | "fixed" | "buy_x_get_y" | "bundle" | "category_discount"; applicableOn: "all" | "category" | "product"; productIds: string[]; ... 8 more ...; bundle?: { ...; } | undefined; }': name, description, type, applicableOn, and 4 more.
src/components/offers/OfferForm.tsx(866,19): error TS2322: Type 'Control<{ name: string; description: string; type: "percentage" | "fixed" | "buy_x_get_y" | "bundle" | "category_discount"; applicableOn: "all" | "category" | "product"; productIds: string[]; ... 8 more ...; bundle?: { ...; } | undefined; }, any, TFieldValues>' is not assignable to type 'Control<{ name: string; description: string; type: "percentage" | "fixed" | "buy_x_get_y" | "bundle" | "category_discount"; applicableOn: "all" | "category" | "product"; productIds: string[]; ... 8 more ...; bundle?: { ...; } | undefined; }, any, { ...; }>'.
  The types of '_options.resolver' are incompatible between these types.
    Type 'Resolver<{ name: string; description: string; type: "percentage" | "fixed" | "buy_x_get_y" | "bundle" | "category_discount"; applicableOn: "all" | "category" | "product"; productIds: string[]; ... 8 more ...; bundle?: { ...; } | undefined; }, any, TFieldValues> | undefined' is not assignable to type 'Resolver<{ name: string; description: string; type: "percentage" | "fixed" | "buy_x_get_y" | "bundle" | "category_discount"; applicableOn: "all" | "category" | "product"; productIds: string[]; ... 8 more ...; bundle?: { ...; } | undefined; }, any, { ...; }> | undefined'.
      Type 'Resolver<{ name: string; description: string; type: "percentage" | "fixed" | "buy_x_get_y" | "bundle" | "category_discount"; applicableOn: "all" | "category" | "product"; productIds: string[]; ... 8 more ...; bundle?: { ...; } | undefined; }, any, TFieldValues>' is not assignable to type 'Resolver<{ name: string; description: string; type: "percentage" | "fixed" | "buy_x_get_y" | "bundle" | "category_discount"; applicableOn: "all" | "category" | "product"; productIds: string[]; ... 8 more ...; bundle?: { ...; } | undefined; }, any, { ...; }>'.
        Type 'ResolverResult<{ name: string; description: string; type: "percentage" | "fixed" | "buy_x_get_y" | "bundle" | "category_discount"; applicableOn: "all" | "category" | "product"; productIds: string[]; ... 8 more ...; bundle?: { ...; } | undefined; }, TFieldValues> | Promise<...>' is not assignable to type 'ResolverResult<{ name: string; description: string; type: "percentage" | "fixed" | "buy_x_get_y" | "bundle" | "category_discount"; applicableOn: "all" | "category" | "product"; productIds: string[]; ... 8 more ...; bundle?: { ...; } | undefined; }, { ...; }> | Promise<...>'.
          Type 'ResolverSuccess<TFieldValues>' is not assignable to type 'ResolverResult<{ name: string; description: string; type: "percentage" | "fixed" | "buy_x_get_y" | "bundle" | "category_discount"; applicableOn: "all" | "category" | "product"; productIds: string[]; ... 8 more ...; bundle?: { ...; } | undefined; }, { ...; }> | Promise<...>'.
            Type 'ResolverSuccess<TFieldValues>' is not assignable to type 'ResolverSuccess<{ name: string; description: string; type: "percentage" | "fixed" | "buy_x_get_y" | "bundle" | "category_discount"; applicableOn: "all" | "category" | "product"; productIds: string[]; ... 8 more ...; bundle?: { ...; } | undefined; }>'.
              Type 'TFieldValues' is not assignable to type '{ name: string; description: string; type: "percentage" | "fixed" | "buy_x_get_y" | "bundle" | "category_discount"; applicableOn: "all" | "category" | "product"; productIds: string[]; ... 8 more ...; bundle?: { ...; } | undefined; }'.
                Type 'FieldValues' is missing the following properties from type '{ name: string; description: string; type: "percentage" | "fixed" | "buy_x_get_y" | "bundle" | "category_discount"; applicableOn: "all" | "category" | "product"; productIds: string[]; ... 8 more ...; bundle?: { ...; } | undefined; }': name, description, type, applicableOn, and 4 more.
src/components/offers/OfferForm.tsx(885,15): error TS2322: Type 'Control<{ name: string; description: string; type: "percentage" | "fixed" | "buy_x_get_y" | "bundle" | "category_discount"; applicableOn: "all" | "category" | "product"; productIds: string[]; ... 8 more ...; bundle?: { ...; } | undefined; }, any, TFieldValues>' is not assignable to type 'Control<{ name: string; description: string; type: "percentage" | "fixed" | "buy_x_get_y" | "bundle" | "category_discount"; applicableOn: "all" | "category" | "product"; productIds: string[]; ... 8 more ...; bundle?: { ...; } | undefined; }, any, { ...; }>'.
  The types of '_options.resolver' are incompatible between these types.
    Type 'Resolver<{ name: string; description: string; type: "percentage" | "fixed" | "buy_x_get_y" | "bundle" | "category_discount"; applicableOn: "all" | "category" | "product"; productIds: string[]; ... 8 more ...; bundle?: { ...; } | undefined; }, any, TFieldValues> | undefined' is not assignable to type 'Resolver<{ name: string; description: string; type: "percentage" | "fixed" | "buy_x_get_y" | "bundle" | "category_discount"; applicableOn: "all" | "category" | "product"; productIds: string[]; ... 8 more ...; bundle?: { ...; } | undefined; }, any, { ...; }> | undefined'.
      Type 'Resolver<{ name: string; description: string; type: "percentage" | "fixed" | "buy_x_get_y" | "bundle" | "category_discount"; applicableOn: "all" | "category" | "product"; productIds: string[]; ... 8 more ...; bundle?: { ...; } | undefined; }, any, TFieldValues>' is not assignable to type 'Resolver<{ name: string; description: string; type: "percentage" | "fixed" | "buy_x_get_y" | "bundle" | "category_discount"; applicableOn: "all" | "category" | "product"; productIds: string[]; ... 8 more ...; bundle?: { ...; } | undefined; }, any, { ...; }>'.
        Type 'ResolverResult<{ name: string; description: string; type: "percentage" | "fixed" | "buy_x_get_y" | "bundle" | "category_discount"; applicableOn: "all" | "category" | "product"; productIds: string[]; ... 8 more ...; bundle?: { ...; } | undefined; }, TFieldValues> | Promise<...>' is not assignable to type 'ResolverResult<{ name: string; description: string; type: "percentage" | "fixed" | "buy_x_get_y" | "bundle" | "category_discount"; applicableOn: "all" | "category" | "product"; productIds: string[]; ... 8 more ...; bundle?: { ...; } | undefined; }, { ...; }> | Promise<...>'.
          Type 'ResolverSuccess<TFieldValues>' is not assignable to type 'ResolverResult<{ name: string; description: string; type: "percentage" | "fixed" | "buy_x_get_y" | "bundle" | "category_discount"; applicableOn: "all" | "category" | "product"; productIds: string[]; ... 8 more ...; bundle?: { ...; } | undefined; }, { ...; }> | Promise<...>'.
            Type 'ResolverSuccess<TFieldValues>' is not assignable to type 'ResolverSuccess<{ name: string; description: string; type: "percentage" | "fixed" | "buy_x_get_y" | "bundle" | "category_discount"; applicableOn: "all" | "category" | "product"; productIds: string[]; ... 8 more ...; bundle?: { ...; } | undefined; }>'.
              Type 'TFieldValues' is not assignable to type '{ name: string; description: string; type: "percentage" | "fixed" | "buy_x_get_y" | "bundle" | "category_discount"; applicableOn: "all" | "category" | "product"; productIds: string[]; ... 8 more ...; bundle?: { ...; } | undefined; }'.
                Type 'FieldValues' is missing the following properties from type '{ name: string; description: string; type: "percentage" | "fixed" | "buy_x_get_y" | "bundle" | "category_discount"; applicableOn: "all" | "category" | "product"; productIds: string[]; ... 8 more ...; bundle?: { ...; } | undefined; }': name, description, type, applicableOn, and 4 more.
src/components/offers/OfferForm.tsx(905,15): error TS2322: Type 'Control<{ name: string; description: string; type: "percentage" | "fixed" | "buy_x_get_y" | "bundle" | "category_discount"; applicableOn: "all" | "category" | "product"; productIds: string[]; ... 8 more ...; bundle?: { ...; } | undefined; }, any, TFieldValues>' is not assignable to type 'Control<{ name: string; description: string; type: "percentage" | "fixed" | "buy_x_get_y" | "bundle" | "category_discount"; applicableOn: "all" | "category" | "product"; productIds: string[]; ... 8 more ...; bundle?: { ...; } | undefined; }, any, { ...; }>'.
  The types of '_options.resolver' are incompatible between these types.
    Type 'Resolver<{ name: string; description: string; type: "percentage" | "fixed" | "buy_x_get_y" | "bundle" | "category_discount"; applicableOn: "all" | "category" | "product"; productIds: string[]; ... 8 more ...; bundle?: { ...; } | undefined; }, any, TFieldValues> | undefined' is not assignable to type 'Resolver<{ name: string; description: string; type: "percentage" | "fixed" | "buy_x_get_y" | "bundle" | "category_discount"; applicableOn: "all" | "category" | "product"; productIds: string[]; ... 8 more ...; bundle?: { ...; } | undefined; }, any, { ...; }> | undefined'.
      Type 'Resolver<{ name: string; description: string; type: "percentage" | "fixed" | "buy_x_get_y" | "bundle" | "category_discount"; applicableOn: "all" | "category" | "product"; productIds: string[]; ... 8 more ...; bundle?: { ...; } | undefined; }, any, TFieldValues>' is not assignable to type 'Resolver<{ name: string; description: string; type: "percentage" | "fixed" | "buy_x_get_y" | "bundle" | "category_discount"; applicableOn: "all" | "category" | "product"; productIds: string[]; ... 8 more ...; bundle?: { ...; } | undefined; }, any, { ...; }>'.
        Type 'ResolverResult<{ name: string; description: string; type: "percentage" | "fixed" | "buy_x_get_y" | "bundle" | "category_discount"; applicableOn: "all" | "category" | "product"; productIds: string[]; ... 8 more ...; bundle?: { ...; } | undefined; }, TFieldValues> | Promise<...>' is not assignable to type 'ResolverResult<{ name: string; description: string; type: "percentage" | "fixed" | "buy_x_get_y" | "bundle" | "category_discount"; applicableOn: "all" | "category" | "product"; productIds: string[]; ... 8 more ...; bundle?: { ...; } | undefined; }, { ...; }> | Promise<...>'.
          Type 'ResolverSuccess<TFieldValues>' is not assignable to type 'ResolverResult<{ name: string; description: string; type: "percentage" | "fixed" | "buy_x_get_y" | "bundle" | "category_discount"; applicableOn: "all" | "category" | "product"; productIds: string[]; ... 8 more ...; bundle?: { ...; } | undefined; }, { ...; }> | Promise<...>'.
            Type 'ResolverSuccess<TFieldValues>' is not assignable to type 'ResolverSuccess<{ name: string; description: string; type: "percentage" | "fixed" | "buy_x_get_y" | "bundle" | "category_discount"; applicableOn: "all" | "category" | "product"; productIds: string[]; ... 8 more ...; bundle?: { ...; } | undefined; }>'.
              Type 'TFieldValues' is not assignable to type '{ name: string; description: string; type: "percentage" | "fixed" | "buy_x_get_y" | "bundle" | "category_discount"; applicableOn: "all" | "category" | "product"; productIds: string[]; ... 8 more ...; bundle?: { ...; } | undefined; }'.
                Type 'FieldValues' is missing the following properties from type '{ name: string; description: string; type: "percentage" | "fixed" | "buy_x_get_y" | "bundle" | "category_discount"; applicableOn: "all" | "category" | "product"; productIds: string[]; ... 8 more ...; bundle?: { ...; } | undefined; }': name, description, type, applicableOn, and 4 more.
src/components/offers/OfferForm.tsx(939,17): error TS2322: Type 'Control<{ name: string; description: string; type: "percentage" | "fixed" | "buy_x_get_y" | "bundle" | "category_discount"; applicableOn: "all" | "category" | "product"; productIds: string[]; ... 8 more ...; bundle?: { ...; } | undefined; }, any, TFieldValues>' is not assignable to type 'Control<{ name: string; description: string; type: "percentage" | "fixed" | "buy_x_get_y" | "bundle" | "category_discount"; applicableOn: "all" | "category" | "product"; productIds: string[]; ... 8 more ...; bundle?: { ...; } | undefined; }, any, { ...; }>'.
  The types of '_options.resolver' are incompatible between these types.
    Type 'Resolver<{ name: string; description: string; type: "percentage" | "fixed" | "buy_x_get_y" | "bundle" | "category_discount"; applicableOn: "all" | "category" | "product"; productIds: string[]; ... 8 more ...; bundle?: { ...; } | undefined; }, any, TFieldValues> | undefined' is not assignable to type 'Resolver<{ name: string; description: string; type: "percentage" | "fixed" | "buy_x_get_y" | "bundle" | "category_discount"; applicableOn: "all" | "category" | "product"; productIds: string[]; ... 8 more ...; bundle?: { ...; } | undefined; }, any, { ...; }> | undefined'.
      Type 'Resolver<{ name: string; description: string; type: "percentage" | "fixed" | "buy_x_get_y" | "bundle" | "category_discount"; applicableOn: "all" | "category" | "product"; productIds: string[]; ... 8 more ...; bundle?: { ...; } | undefined; }, any, TFieldValues>' is not assignable to type 'Resolver<{ name: string; description: string; type: "percentage" | "fixed" | "buy_x_get_y" | "bundle" | "category_discount"; applicableOn: "all" | "category" | "product"; productIds: string[]; ... 8 more ...; bundle?: { ...; } | undefined; }, any, { ...; }>'.
        Type 'ResolverResult<{ name: string; description: string; type: "percentage" | "fixed" | "buy_x_get_y" | "bundle" | "category_discount"; applicableOn: "all" | "category" | "product"; productIds: string[]; ... 8 more ...; bundle?: { ...; } | undefined; }, TFieldValues> | Promise<...>' is not assignable to type 'ResolverResult<{ name: string; description: string; type: "percentage" | "fixed" | "buy_x_get_y" | "bundle" | "category_discount"; applicableOn: "all" | "category" | "product"; productIds: string[]; ... 8 more ...; bundle?: { ...; } | undefined; }, { ...; }> | Promise<...>'.
          Type 'ResolverSuccess<TFieldValues>' is not assignable to type 'ResolverResult<{ name: string; description: string; type: "percentage" | "fixed" | "buy_x_get_y" | "bundle" | "category_discount"; applicableOn: "all" | "category" | "product"; productIds: string[]; ... 8 more ...; bundle?: { ...; } | undefined; }, { ...; }> | Promise<...>'.
            Type 'ResolverSuccess<TFieldValues>' is not assignable to type 'ResolverSuccess<{ name: string; description: string; type: "percentage" | "fixed" | "buy_x_get_y" | "bundle" | "category_discount"; applicableOn: "all" | "category" | "product"; productIds: string[]; ... 8 more ...; bundle?: { ...; } | undefined; }>'.
              Type 'TFieldValues' is not assignable to type '{ name: string; description: string; type: "percentage" | "fixed" | "buy_x_get_y" | "bundle" | "category_discount"; applicableOn: "all" | "category" | "product"; productIds: string[]; ... 8 more ...; bundle?: { ...; } | undefined; }'.
                Type 'FieldValues' is missing the following properties from type '{ name: string; description: string; type: "percentage" | "fixed" | "buy_x_get_y" | "bundle" | "category_discount"; applicableOn: "all" | "category" | "product"; productIds: string[]; ... 8 more ...; bundle?: { ...; } | undefined; }': name, description, type, applicableOn, and 4 more.
src/components/offers/OfferForm.tsx(977,15): error TS2322: Type 'Control<{ name: string; description: string; type: "percentage" | "fixed" | "buy_x_get_y" | "bundle" | "category_discount"; applicableOn: "all" | "category" | "product"; productIds: string[]; ... 8 more ...; bundle?: { ...; } | undefined; }, any, TFieldValues>' is not assignable to type 'Control<{ name: string; description: string; type: "percentage" | "fixed" | "buy_x_get_y" | "bundle" | "category_discount"; applicableOn: "all" | "category" | "product"; productIds: string[]; ... 8 more ...; bundle?: { ...; } | undefined; }, any, { ...; }>'.
  The types of '_options.resolver' are incompatible between these types.
    Type 'Resolver<{ name: string; description: string; type: "percentage" | "fixed" | "buy_x_get_y" | "bundle" | "category_discount"; applicableOn: "all" | "category" | "product"; productIds: string[]; ... 8 more ...; bundle?: { ...; } | undefined; }, any, TFieldValues> | undefined' is not assignable to type 'Resolver<{ name: string; description: string; type: "percentage" | "fixed" | "buy_x_get_y" | "bundle" | "category_discount"; applicableOn: "all" | "category" | "product"; productIds: string[]; ... 8 more ...; bundle?: { ...; } | undefined; }, any, { ...; }> | undefined'.
      Type 'Resolver<{ name: string; description: string; type: "percentage" | "fixed" | "buy_x_get_y" | "bundle" | "category_discount"; applicableOn: "all" | "category" | "product"; productIds: string[]; ... 8 more ...; bundle?: { ...; } | undefined; }, any, TFieldValues>' is not assignable to type 'Resolver<{ name: string; description: string; type: "percentage" | "fixed" | "buy_x_get_y" | "bundle" | "category_discount"; applicableOn: "all" | "category" | "product"; productIds: string[]; ... 8 more ...; bundle?: { ...; } | undefined; }, any, { ...; }>'.
        Type 'ResolverResult<{ name: string; description: string; type: "percentage" | "fixed" | "buy_x_get_y" | "bundle" | "category_discount"; applicableOn: "all" | "category" | "product"; productIds: string[]; ... 8 more ...; bundle?: { ...; } | undefined; }, TFieldValues> | Promise<...>' is not assignable to type 'ResolverResult<{ name: string; description: string; type: "percentage" | "fixed" | "buy_x_get_y" | "bundle" | "category_discount"; applicableOn: "all" | "category" | "product"; productIds: string[]; ... 8 more ...; bundle?: { ...; } | undefined; }, { ...; }> | Promise<...>'.
          Type 'ResolverSuccess<TFieldValues>' is not assignable to type 'ResolverResult<{ name: string; description: string; type: "percentage" | "fixed" | "buy_x_get_y" | "bundle" | "category_discount"; applicableOn: "all" | "category" | "product"; productIds: string[]; ... 8 more ...; bundle?: { ...; } | undefined; }, { ...; }> | Promise<...>'.
            Type 'ResolverSuccess<TFieldValues>' is not assignable to type 'ResolverSuccess<{ name: string; description: string; type: "percentage" | "fixed" | "buy_x_get_y" | "bundle" | "category_discount"; applicableOn: "all" | "category" | "product"; productIds: string[]; ... 8 more ...; bundle?: { ...; } | undefined; }>'.
              Type 'TFieldValues' is not assignable to type '{ name: string; description: string; type: "percentage" | "fixed" | "buy_x_get_y" | "bundle" | "category_discount"; applicableOn: "all" | "category" | "product"; productIds: string[]; ... 8 more ...; bundle?: { ...; } | undefined; }'.
                Type 'FieldValues' is missing the following properties from type '{ name: string; description: string; type: "percentage" | "fixed" | "buy_x_get_y" | "bundle" | "category_discount"; applicableOn: "all" | "category" | "product"; productIds: string[]; ... 8 more ...; bundle?: { ...; } | undefined; }': name, description, type, applicableOn, and 4 more.
src/components/offers/OfferForm.tsx(1011,17): error TS2322: Type 'Control<{ name: string; description: string; type: "percentage" | "fixed" | "buy_x_get_y" | "bundle" | "category_discount"; applicableOn: "all" | "category" | "product"; productIds: string[]; ... 8 more ...; bundle?: { ...; } | undefined; }, any, TFieldValues>' is not assignable to type 'Control<{ name: string; description: string; type: "percentage" | "fixed" | "buy_x_get_y" | "bundle" | "category_discount"; applicableOn: "all" | "category" | "product"; productIds: string[]; ... 8 more ...; bundle?: { ...; } | undefined; }, any, { ...; }>'.
  The types of '_options.resolver' are incompatible between these types.
    Type 'Resolver<{ name: string; description: string; type: "percentage" | "fixed" | "buy_x_get_y" | "bundle" | "category_discount"; applicableOn: "all" | "category" | "product"; productIds: string[]; ... 8 more ...; bundle?: { ...; } | undefined; }, any, TFieldValues> | undefined' is not assignable to type 'Resolver<{ name: string; description: string; type: "percentage" | "fixed" | "buy_x_get_y" | "bundle" | "category_discount"; applicableOn: "all" | "category" | "product"; productIds: string[]; ... 8 more ...; bundle?: { ...; } | undefined; }, any, { ...; }> | undefined'.
      Type 'Resolver<{ name: string; description: string; type: "percentage" | "fixed" | "buy_x_get_y" | "bundle" | "category_discount"; applicableOn: "all" | "category" | "product"; productIds: string[]; ... 8 more ...; bundle?: { ...; } | undefined; }, any, TFieldValues>' is not assignable to type 'Resolver<{ name: string; description: string; type: "percentage" | "fixed" | "buy_x_get_y" | "bundle" | "category_discount"; applicableOn: "all" | "category" | "product"; productIds: string[]; ... 8 more ...; bundle?: { ...; } | undefined; }, any, { ...; }>'.
        Type 'ResolverResult<{ name: string; description: string; type: "percentage" | "fixed" | "buy_x_get_y" | "bundle" | "category_discount"; applicableOn: "all" | "category" | "product"; productIds: string[]; ... 8 more ...; bundle?: { ...; } | undefined; }, TFieldValues> | Promise<...>' is not assignable to type 'ResolverResult<{ name: string; description: string; type: "percentage" | "fixed" | "buy_x_get_y" | "bundle" | "category_discount"; applicableOn: "all" | "category" | "product"; productIds: string[]; ... 8 more ...; bundle?: { ...; } | undefined; }, { ...; }> | Promise<...>'.
          Type 'ResolverSuccess<TFieldValues>' is not assignable to type 'ResolverResult<{ name: string; description: string; type: "percentage" | "fixed" | "buy_x_get_y" | "bundle" | "category_discount"; applicableOn: "all" | "category" | "product"; productIds: string[]; ... 8 more ...; bundle?: { ...; } | undefined; }, { ...; }> | Promise<...>'.
            Type 'ResolverSuccess<TFieldValues>' is not assignable to type 'ResolverSuccess<{ name: string; description: string; type: "percentage" | "fixed" | "buy_x_get_y" | "bundle" | "category_discount"; applicableOn: "all" | "category" | "product"; productIds: string[]; ... 8 more ...; bundle?: { ...; } | undefined; }>'.
              Type 'TFieldValues' is not assignable to type '{ name: string; description: string; type: "percentage" | "fixed" | "buy_x_get_y" | "bundle" | "category_discount"; applicableOn: "all" | "category" | "product"; productIds: string[]; ... 8 more ...; bundle?: { ...; } | undefined; }'.
                Type 'FieldValues' is missing the following properties from type '{ name: string; description: string; type: "percentage" | "fixed" | "buy_x_get_y" | "bundle" | "category_discount"; applicableOn: "all" | "category" | "product"; productIds: string[]; ... 8 more ...; bundle?: { ...; } | undefined; }': name, description, type, applicableOn, and 4 more.
src/components/offers/OfferForm.tsx(1040,19): error TS2322: Type 'Control<{ name: string; description: string; type: "percentage" | "fixed" | "buy_x_get_y" | "bundle" | "category_discount"; applicableOn: "all" | "category" | "product"; productIds: string[]; ... 8 more ...; bundle?: { ...; } | undefined; }, any, TFieldValues>' is not assignable to type 'Control<{ name: string; description: string; type: "percentage" | "fixed" | "buy_x_get_y" | "bundle" | "category_discount"; applicableOn: "all" | "category" | "product"; productIds: string[]; ... 8 more ...; bundle?: { ...; } | undefined; }, any, { ...; }>'.
  The types of '_options.resolver' are incompatible between these types.
    Type 'Resolver<{ name: string; description: string; type: "percentage" | "fixed" | "buy_x_get_y" | "bundle" | "category_discount"; applicableOn: "all" | "category" | "product"; productIds: string[]; ... 8 more ...; bundle?: { ...; } | undefined; }, any, TFieldValues> | undefined' is not assignable to type 'Resolver<{ name: string; description: string; type: "percentage" | "fixed" | "buy_x_get_y" | "bundle" | "category_discount"; applicableOn: "all" | "category" | "product"; productIds: string[]; ... 8 more ...; bundle?: { ...; } | undefined; }, any, { ...; }> | undefined'.
      Type 'Resolver<{ name: string; description: string; type: "percentage" | "fixed" | "buy_x_get_y" | "bundle" | "category_discount"; applicableOn: "all" | "category" | "product"; productIds: string[]; ... 8 more ...; bundle?: { ...; } | undefined; }, any, TFieldValues>' is not assignable to type 'Resolver<{ name: string; description: string; type: "percentage" | "fixed" | "buy_x_get_y" | "bundle" | "category_discount"; applicableOn: "all" | "category" | "product"; productIds: string[]; ... 8 more ...; bundle?: { ...; } | undefined; }, any, { ...; }>'.
        Type 'ResolverResult<{ name: string; description: string; type: "percentage" | "fixed" | "buy_x_get_y" | "bundle" | "category_discount"; applicableOn: "all" | "category" | "product"; productIds: string[]; ... 8 more ...; bundle?: { ...; } | undefined; }, TFieldValues> | Promise<...>' is not assignable to type 'ResolverResult<{ name: string; description: string; type: "percentage" | "fixed" | "buy_x_get_y" | "bundle" | "category_discount"; applicableOn: "all" | "category" | "product"; productIds: string[]; ... 8 more ...; bundle?: { ...; } | undefined; }, { ...; }> | Promise<...>'.
          Type 'ResolverSuccess<TFieldValues>' is not assignable to type 'ResolverResult<{ name: string; description: string; type: "percentage" | "fixed" | "buy_x_get_y" | "bundle" | "category_discount"; applicableOn: "all" | "category" | "product"; productIds: string[]; ... 8 more ...; bundle?: { ...; } | undefined; }, { ...; }> | Promise<...>'.
            Type 'ResolverSuccess<TFieldValues>' is not assignable to type 'ResolverSuccess<{ name: string; description: string; type: "percentage" | "fixed" | "buy_x_get_y" | "bundle" | "category_discount"; applicableOn: "all" | "category" | "product"; productIds: string[]; ... 8 more ...; bundle?: { ...; } | undefined; }>'.
              Type 'TFieldValues' is not assignable to type '{ name: string; description: string; type: "percentage" | "fixed" | "buy_x_get_y" | "bundle" | "category_discount"; applicableOn: "all" | "category" | "product"; productIds: string[]; ... 8 more ...; bundle?: { ...; } | undefined; }'.
                Type 'FieldValues' is missing the following properties from type '{ name: string; description: string; type: "percentage" | "fixed" | "buy_x_get_y" | "bundle" | "category_discount"; applicableOn: "all" | "category" | "product"; productIds: string[]; ... 8 more ...; bundle?: { ...; } | undefined; }': name, description, type, applicableOn, and 4 more.
src/components/offers/OfferForm.tsx(1058,19): error TS2322: Type 'Control<{ name: string; description: string; type: "percentage" | "fixed" | "buy_x_get_y" | "bundle" | "category_discount"; applicableOn: "all" | "category" | "product"; productIds: string[]; ... 8 more ...; bundle?: { ...; } | undefined; }, any, TFieldValues>' is not assignable to type 'Control<{ name: string; description: string; type: "percentage" | "fixed" | "buy_x_get_y" | "bundle" | "category_discount"; applicableOn: "all" | "category" | "product"; productIds: string[]; ... 8 more ...; bundle?: { ...; } | undefined; }, any, { ...; }>'.
  The types of '_options.resolver' are incompatible between these types.
    Type 'Resolver<{ name: string; description: string; type: "percentage" | "fixed" | "buy_x_get_y" | "bundle" | "category_discount"; applicableOn: "all" | "category" | "product"; productIds: string[]; ... 8 more ...; bundle?: { ...; } | undefined; }, any, TFieldValues> | undefined' is not assignable to type 'Resolver<{ name: string; description: string; type: "percentage" | "fixed" | "buy_x_get_y" | "bundle" | "category_discount"; applicableOn: "all" | "category" | "product"; productIds: string[]; ... 8 more ...; bundle?: { ...; } | undefined; }, any, { ...; }> | undefined'.
      Type 'Resolver<{ name: string; description: string; type: "percentage" | "fixed" | "buy_x_get_y" | "bundle" | "category_discount"; applicableOn: "all" | "category" | "product"; productIds: string[]; ... 8 more ...; bundle?: { ...; } | undefined; }, any, TFieldValues>' is not assignable to type 'Resolver<{ name: string; description: string; type: "percentage" | "fixed" | "buy_x_get_y" | "bundle" | "category_discount"; applicableOn: "all" | "category" | "product"; productIds: string[]; ... 8 more ...; bundle?: { ...; } | undefined; }, any, { ...; }>'.
        Type 'ResolverResult<{ name: string; description: string; type: "percentage" | "fixed" | "buy_x_get_y" | "bundle" | "category_discount"; applicableOn: "all" | "category" | "product"; productIds: string[]; ... 8 more ...; bundle?: { ...; } | undefined; }, TFieldValues> | Promise<...>' is not assignable to type 'ResolverResult<{ name: string; description: string; type: "percentage" | "fixed" | "buy_x_get_y" | "bundle" | "category_discount"; applicableOn: "all" | "category" | "product"; productIds: string[]; ... 8 more ...; bundle?: { ...; } | undefined; }, { ...; }> | Promise<...>'.
          Type 'ResolverSuccess<TFieldValues>' is not assignable to type 'ResolverResult<{ name: string; description: string; type: "percentage" | "fixed" | "buy_x_get_y" | "bundle" | "category_discount"; applicableOn: "all" | "category" | "product"; productIds: string[]; ... 8 more ...; bundle?: { ...; } | undefined; }, { ...; }> | Promise<...>'.
            Type 'ResolverSuccess<TFieldValues>' is not assignable to type 'ResolverSuccess<{ name: string; description: string; type: "percentage" | "fixed" | "buy_x_get_y" | "bundle" | "category_discount"; applicableOn: "all" | "category" | "product"; productIds: string[]; ... 8 more ...; bundle?: { ...; } | undefined; }>'.
              Type 'TFieldValues' is not assignable to type '{ name: string; description: string; type: "percentage" | "fixed" | "buy_x_get_y" | "bundle" | "category_discount"; applicableOn: "all" | "category" | "product"; productIds: string[]; ... 8 more ...; bundle?: { ...; } | undefined; }'.
                Type 'FieldValues' is missing the following properties from type '{ name: string; description: string; type: "percentage" | "fixed" | "buy_x_get_y" | "bundle" | "category_discount"; applicableOn: "all" | "category" | "product"; productIds: string[]; ... 8 more ...; bundle?: { ...; } | undefined; }': name, description, type, applicableOn, and 4 more.
src/components/offers/OfferForm.tsx(1078,13): error TS2322: Type 'Control<{ name: string; description: string; type: "percentage" | "fixed" | "buy_x_get_y" | "bundle" | "category_discount"; applicableOn: "all" | "category" | "product"; productIds: string[]; ... 8 more ...; bundle?: { ...; } | undefined; }, any, TFieldValues>' is not assignable to type 'Control<{ name: string; description: string; type: "percentage" | "fixed" | "buy_x_get_y" | "bundle" | "category_discount"; applicableOn: "all" | "category" | "product"; productIds: string[]; ... 8 more ...; bundle?: { ...; } | undefined; }, any, { ...; }>'.
  The types of '_options.resolver' are incompatible between these types.
    Type 'Resolver<{ name: string; description: string; type: "percentage" | "fixed" | "buy_x_get_y" | "bundle" | "category_discount"; applicableOn: "all" | "category" | "product"; productIds: string[]; ... 8 more ...; bundle?: { ...; } | undefined; }, any, TFieldValues> | undefined' is not assignable to type 'Resolver<{ name: string; description: string; type: "percentage" | "fixed" | "buy_x_get_y" | "bundle" | "category_discount"; applicableOn: "all" | "category" | "product"; productIds: string[]; ... 8 more ...; bundle?: { ...; } | undefined; }, any, { ...; }> | undefined'.
      Type 'Resolver<{ name: string; description: string; type: "percentage" | "fixed" | "buy_x_get_y" | "bundle" | "category_discount"; applicableOn: "all" | "category" | "product"; productIds: string[]; ... 8 more ...; bundle?: { ...; } | undefined; }, any, TFieldValues>' is not assignable to type 'Resolver<{ name: string; description: string; type: "percentage" | "fixed" | "buy_x_get_y" | "bundle" | "category_discount"; applicableOn: "all" | "category" | "product"; productIds: string[]; ... 8 more ...; bundle?: { ...; } | undefined; }, any, { ...; }>'.
        Type 'ResolverResult<{ name: string; description: string; type: "percentage" | "fixed" | "buy_x_get_y" | "bundle" | "category_discount"; applicableOn: "all" | "category" | "product"; productIds: string[]; ... 8 more ...; bundle?: { ...; } | undefined; }, TFieldValues> | Promise<...>' is not assignable to type 'ResolverResult<{ name: string; description: string; type: "percentage" | "fixed" | "buy_x_get_y" | "bundle" | "category_discount"; applicableOn: "all" | "category" | "product"; productIds: string[]; ... 8 more ...; bundle?: { ...; } | undefined; }, { ...; }> | Promise<...>'.
          Type 'ResolverSuccess<TFieldValues>' is not assignable to type 'ResolverResult<{ name: string; description: string; type: "percentage" | "fixed" | "buy_x_get_y" | "bundle" | "category_discount"; applicableOn: "all" | "category" | "product"; productIds: string[]; ... 8 more ...; bundle?: { ...; } | undefined; }, { ...; }> | Promise<...>'.
            Type 'ResolverSuccess<TFieldValues>' is not assignable to type 'ResolverSuccess<{ name: string; description: string; type: "percentage" | "fixed" | "buy_x_get_y" | "bundle" | "category_discount"; applicableOn: "all" | "category" | "product"; productIds: string[]; ... 8 more ...; bundle?: { ...; } | undefined; }>'.
              Type 'TFieldValues' is not assignable to type '{ name: string; description: string; type: "percentage" | "fixed" | "buy_x_get_y" | "bundle" | "category_discount"; applicableOn: "all" | "category" | "product"; productIds: string[]; ... 8 more ...; bundle?: { ...; } | undefined; }'.
                Type 'FieldValues' is missing the following properties from type '{ name: string; description: string; type: "percentage" | "fixed" | "buy_x_get_y" | "bundle" | "category_discount"; applicableOn: "all" | "category" | "product"; productIds: string[]; ... 8 more ...; bundle?: { ...; } | undefined; }': name, description, type, applicableOn, and 4 more.
src/components/offers/OfferForm.tsx(1095,13): error TS2322: Type 'Control<{ name: string; description: string; type: "percentage" | "fixed" | "buy_x_get_y" | "bundle" | "category_discount"; applicableOn: "all" | "category" | "product"; productIds: string[]; ... 8 more ...; bundle?: { ...; } | undefined; }, any, TFieldValues>' is not assignable to type 'Control<{ name: string; description: string; type: "percentage" | "fixed" | "buy_x_get_y" | "bundle" | "category_discount"; applicableOn: "all" | "category" | "product"; productIds: string[]; ... 8 more ...; bundle?: { ...; } | undefined; }, any, { ...; }>'.
  The types of '_options.resolver' are incompatible between these types.
    Type 'Resolver<{ name: string; description: string; type: "percentage" | "fixed" | "buy_x_get_y" | "bundle" | "category_discount"; applicableOn: "all" | "category" | "product"; productIds: string[]; ... 8 more ...; bundle?: { ...; } | undefined; }, any, TFieldValues> | undefined' is not assignable to type 'Resolver<{ name: string; description: string; type: "percentage" | "fixed" | "buy_x_get_y" | "bundle" | "category_discount"; applicableOn: "all" | "category" | "product"; productIds: string[]; ... 8 more ...; bundle?: { ...; } | undefined; }, any, { ...; }> | undefined'.
      Type 'Resolver<{ name: string; description: string; type: "percentage" | "fixed" | "buy_x_get_y" | "bundle" | "category_discount"; applicableOn: "all" | "category" | "product"; productIds: string[]; ... 8 more ...; bundle?: { ...; } | undefined; }, any, TFieldValues>' is not assignable to type 'Resolver<{ name: string; description: string; type: "percentage" | "fixed" | "buy_x_get_y" | "bundle" | "category_discount"; applicableOn: "all" | "category" | "product"; productIds: string[]; ... 8 more ...; bundle?: { ...; } | undefined; }, any, { ...; }>'.
        Type 'ResolverResult<{ name: string; description: string; type: "percentage" | "fixed" | "buy_x_get_y" | "bundle" | "category_discount"; applicableOn: "all" | "category" | "product"; productIds: string[]; ... 8 more ...; bundle?: { ...; } | undefined; }, TFieldValues> | Promise<...>' is not assignable to type 'ResolverResult<{ name: string; description: string; type: "percentage" | "fixed" | "buy_x_get_y" | "bundle" | "category_discount"; applicableOn: "all" | "category" | "product"; productIds: string[]; ... 8 more ...; bundle?: { ...; } | undefined; }, { ...; }> | Promise<...>'.
          Type 'ResolverSuccess<TFieldValues>' is not assignable to type 'ResolverResult<{ name: string; description: string; type: "percentage" | "fixed" | "buy_x_get_y" | "bundle" | "category_discount"; applicableOn: "all" | "category" | "product"; productIds: string[]; ... 8 more ...; bundle?: { ...; } | undefined; }, { ...; }> | Promise<...>'.
            Type 'ResolverSuccess<TFieldValues>' is not assignable to type 'ResolverSuccess<{ name: string; description: string; type: "percentage" | "fixed" | "buy_x_get_y" | "bundle" | "category_discount"; applicableOn: "all" | "category" | "product"; productIds: string[]; ... 8 more ...; bundle?: { ...; } | undefined; }>'.
              Type 'TFieldValues' is not assignable to type '{ name: string; description: string; type: "percentage" | "fixed" | "buy_x_get_y" | "bundle" | "category_discount"; applicableOn: "all" | "category" | "product"; productIds: string[]; ... 8 more ...; bundle?: { ...; } | undefined; }'.
                Type 'FieldValues' is missing the following properties from type '{ name: string; description: string; type: "percentage" | "fixed" | "buy_x_get_y" | "bundle" | "category_discount"; applicableOn: "all" | "category" | "product"; productIds: string[]; ... 8 more ...; bundle?: { ...; } | undefined; }': name, description, type, applicableOn, and 4 more.
src/components/offers/OfferForm.tsx(1115,13): error TS2322: Type 'Control<{ name: string; description: string; type: "percentage" | "fixed" | "buy_x_get_y" | "bundle" | "category_discount"; applicableOn: "all" | "category" | "product"; productIds: string[]; ... 8 more ...; bundle?: { ...; } | undefined; }, any, TFieldValues>' is not assignable to type 'Control<{ name: string; description: string; type: "percentage" | "fixed" | "buy_x_get_y" | "bundle" | "category_discount"; applicableOn: "all" | "category" | "product"; productIds: string[]; ... 8 more ...; bundle?: { ...; } | undefined; }, any, { ...; }>'.
  The types of '_options.resolver' are incompatible between these types.
    Type 'Resolver<{ name: string; description: string; type: "percentage" | "fixed" | "buy_x_get_y" | "bundle" | "category_discount"; applicableOn: "all" | "category" | "product"; productIds: string[]; ... 8 more ...; bundle?: { ...; } | undefined; }, any, TFieldValues> | undefined' is not assignable to type 'Resolver<{ name: string; description: string; type: "percentage" | "fixed" | "buy_x_get_y" | "bundle" | "category_discount"; applicableOn: "all" | "category" | "product"; productIds: string[]; ... 8 more ...; bundle?: { ...; } | undefined; }, any, { ...; }> | undefined'.
      Type 'Resolver<{ name: string; description: string; type: "percentage" | "fixed" | "buy_x_get_y" | "bundle" | "category_discount"; applicableOn: "all" | "category" | "product"; productIds: string[]; ... 8 more ...; bundle?: { ...; } | undefined; }, any, TFieldValues>' is not assignable to type 'Resolver<{ name: string; description: string; type: "percentage" | "fixed" | "buy_x_get_y" | "bundle" | "category_discount"; applicableOn: "all" | "category" | "product"; productIds: string[]; ... 8 more ...; bundle?: { ...; } | undefined; }, any, { ...; }>'.
        Type 'ResolverResult<{ name: string; description: string; type: "percentage" | "fixed" | "buy_x_get_y" | "bundle" | "category_discount"; applicableOn: "all" | "category" | "product"; productIds: string[]; ... 8 more ...; bundle?: { ...; } | undefined; }, TFieldValues> | Promise<...>' is not assignable to type 'ResolverResult<{ name: string; description: string; type: "percentage" | "fixed" | "buy_x_get_y" | "bundle" | "category_discount"; applicableOn: "all" | "category" | "product"; productIds: string[]; ... 8 more ...; bundle?: { ...; } | undefined; }, { ...; }> | Promise<...>'.
          Type 'ResolverSuccess<TFieldValues>' is not assignable to type 'ResolverResult<{ name: string; description: string; type: "percentage" | "fixed" | "buy_x_get_y" | "bundle" | "category_discount"; applicableOn: "all" | "category" | "product"; productIds: string[]; ... 8 more ...; bundle?: { ...; } | undefined; }, { ...; }> | Promise<...>'.
            Type 'ResolverSuccess<TFieldValues>' is not assignable to type 'ResolverSuccess<{ name: string; description: string; type: "percentage" | "fixed" | "buy_x_get_y" | "bundle" | "category_discount"; applicableOn: "all" | "category" | "product"; productIds: string[]; ... 8 more ...; bundle?: { ...; } | undefined; }>'.
              Type 'TFieldValues' is not assignable to type '{ name: string; description: string; type: "percentage" | "fixed" | "buy_x_get_y" | "bundle" | "category_discount"; applicableOn: "all" | "category" | "product"; productIds: string[]; ... 8 more ...; bundle?: { ...; } | undefined; }'.
                Type 'FieldValues' is missing the following properties from type '{ name: string; description: string; type: "percentage" | "fixed" | "buy_x_get_y" | "bundle" | "category_discount"; applicableOn: "all" | "category" | "product"; productIds: string[]; ... 8 more ...; bundle?: { ...; } | undefined; }': name, description, type, applicableOn, and 4 more.
src/components/offers/OfferForm.tsx(1131,13): error TS2322: Type 'Control<{ name: string; description: string; type: "percentage" | "fixed" | "buy_x_get_y" | "bundle" | "category_discount"; applicableOn: "all" | "category" | "product"; productIds: string[]; ... 8 more ...; bundle?: { ...; } | undefined; }, any, TFieldValues>' is not assignable to type 'Control<{ name: string; description: string; type: "percentage" | "fixed" | "buy_x_get_y" | "bundle" | "category_discount"; applicableOn: "all" | "category" | "product"; productIds: string[]; ... 8 more ...; bundle?: { ...; } | undefined; }, any, { ...; }>'.
  The types of '_options.resolver' are incompatible between these types.
    Type 'Resolver<{ name: string; description: string; type: "percentage" | "fixed" | "buy_x_get_y" | "bundle" | "category_discount"; applicableOn: "all" | "category" | "product"; productIds: string[]; ... 8 more ...; bundle?: { ...; } | undefined; }, any, TFieldValues> | undefined' is not assignable to type 'Resolver<{ name: string; description: string; type: "percentage" | "fixed" | "buy_x_get_y" | "bundle" | "category_discount"; applicableOn: "all" | "category" | "product"; productIds: string[]; ... 8 more ...; bundle?: { ...; } | undefined; }, any, { ...; }> | undefined'.
      Type 'Resolver<{ name: string; description: string; type: "percentage" | "fixed" | "buy_x_get_y" | "bundle" | "category_discount"; applicableOn: "all" | "category" | "product"; productIds: string[]; ... 8 more ...; bundle?: { ...; } | undefined; }, any, TFieldValues>' is not assignable to type 'Resolver<{ name: string; description: string; type: "percentage" | "fixed" | "buy_x_get_y" | "bundle" | "category_discount"; applicableOn: "all" | "category" | "product"; productIds: string[]; ... 8 more ...; bundle?: { ...; } | undefined; }, any, { ...; }>'.
        Type 'ResolverResult<{ name: string; description: string; type: "percentage" | "fixed" | "buy_x_get_y" | "bundle" | "category_discount"; applicableOn: "all" | "category" | "product"; productIds: string[]; ... 8 more ...; bundle?: { ...; } | undefined; }, TFieldValues> | Promise<...>' is not assignable to type 'ResolverResult<{ name: string; description: string; type: "percentage" | "fixed" | "buy_x_get_y" | "bundle" | "category_discount"; applicableOn: "all" | "category" | "product"; productIds: string[]; ... 8 more ...; bundle?: { ...; } | undefined; }, { ...; }> | Promise<...>'.
          Type 'ResolverSuccess<TFieldValues>' is not assignable to type 'ResolverResult<{ name: string; description: string; type: "percentage" | "fixed" | "buy_x_get_y" | "bundle" | "category_discount"; applicableOn: "all" | "category" | "product"; productIds: string[]; ... 8 more ...; bundle?: { ...; } | undefined; }, { ...; }> | Promise<...>'.
            Type 'ResolverSuccess<TFieldValues>' is not assignable to type 'ResolverSuccess<{ name: string; description: string; type: "percentage" | "fixed" | "buy_x_get_y" | "bundle" | "category_discount"; applicableOn: "all" | "category" | "product"; productIds: string[]; ... 8 more ...; bundle?: { ...; } | undefined; }>'.
              Type 'TFieldValues' is not assignable to type '{ name: string; description: string; type: "percentage" | "fixed" | "buy_x_get_y" | "bundle" | "category_discount"; applicableOn: "all" | "category" | "product"; productIds: string[]; ... 8 more ...; bundle?: { ...; } | undefined; }'.
                Type 'FieldValues' is missing the following properties from type '{ name: string; description: string; type: "percentage" | "fixed" | "buy_x_get_y" | "bundle" | "category_discount"; applicableOn: "all" | "category" | "product"; productIds: string[]; ... 8 more ...; bundle?: { ...; } | undefined; }': name, description, type, applicableOn, and 4 more.
src/features/inventory/components/CreateTransferDialog.tsx(85,5): error TS2322: Type 'Resolver<{ productId: string; quantity: unknown; variantId?: string | undefined; }, any, { productId: string; quantity: number; variantId?: string | undefined; }>' is not assignable to type 'Resolver<{ productId: string; quantity: number; variantId?: string | undefined; }, any, { productId: string; quantity: number; variantId?: string | undefined; }>'.
  Types of parameters 'options' and 'options' are incompatible.
    Type 'ResolverOptions<{ productId: string; quantity: number; variantId?: string | undefined; }>' is not assignable to type 'ResolverOptions<{ productId: string; quantity: unknown; variantId?: string | undefined; }>'.
      Type 'unknown' is not assignable to type 'number'.
src/features/inventory/components/CreateTransferDialog.tsx(447,41): error TS2345: Argument of type '(data: { productId: string; quantity: number; variantId?: string | undefined; }) => void' is not assignable to parameter of type 'SubmitHandler<TFieldValues>'.
  Types of parameters 'data' and 'data' are incompatible.
    Type 'TFieldValues' is not assignable to type '{ productId: string; quantity: number; variantId?: string | undefined; }'.
      Type 'FieldValues' is missing the following properties from type '{ productId: string; quantity: number; variantId?: string | undefined; }': productId, quantity
src/features/pos/components/POSModals.tsx(104,13): error TS2322: Type '{ id: string; productId: string; variantId: string | undefined; type: "OUT"; quantity: number; reason: string; referenceId: string; performedBy: string; timestamp: string; locationId: string; }[]' is not assignable to type 'InventoryTransaction[]'.
  Property 'createdAt' is missing in type '{ id: string; productId: string; variantId: string | undefined; type: "OUT"; quantity: number; reason: string; referenceId: string; performedBy: string; timestamp: string; locationId: string; }' but required in type 'InventoryTransaction'.
